        -:    0:Source:input.h
        -:    0:Programs:4
        -:    1:#if !defined (INPUT_H)
        -:    2:#define INPUT_H
        -:    3:#include <iostream>
        -:    4:#include <string>
        -:    5:#include <cstdlib>
        -:    6:
        -:    7:using namespace std;
        -:    8:
        -:    9:typedef std::string Key;
        -:   10:
        -:   11:typedef struct Value {
        -:   12:	unsigned int age;
        -:   13:	unsigned int weight;
        -:   14:} Value;
        -:   15:
function _ZN5TableaSERKS_ called 262252 returned 100% blocks executed 100%
function _ZN5TableD1Ev called 788697 returned 100% blocks executed 100%
function _ZN5TableC1Ev called 788697 returned 100% blocks executed 100%
  2890595:   16:typedef struct Table {
   262252:   16-block  0
   262252:   16-block  1
call    0 returned 262252
unconditional  1 taken 262252
   788697:   16-block  2
   788697:   16-block  3
call    2 returned 788697
branch  3 taken 788697 (fallthrough)
branch  4 taken 0 (throw)
   788697:   16-block  4
unconditional  5 taken 788697
   788697:   16-block  5
   788697:   16-block  6
call    6 returned 788697
        -:   17:  Key key;
        -:   18:  Value value;
        -:   19:  bool is_filled;
        -:   20:} Table;
        -:   21:
        -:   22:bool inputcheck(int argc, char ** argv);
        -:   23:bool filecheck(int argc, char ** argv, FILE* input_file);
        -:   24:void getkey(std::string str, Key& k);
        -:   25:void getvalue(std::string str, Value& v);
        -:   26:
        -:   27:
        -:   28:
        -:   29:#endif 
