        -:    0:Source:input.cpp
        -:    0:Programs:4
        -:    1:#include "input.h"
        -:    2:
    #####:    3:bool inputcheck(int argc, char ** argv) /* check if filename was put in */
        -:    4:{
    #####:    5:	if ((argc == 1) || (NULL == argv[1]))
        -:    6:	{
    #####:    7:		return false;
        -:    8:	}
        -:    9:	else
        -:   10:	{
    #####:   11:		return true;
        -:   12:	}
        -:   13:}
    #####:   14:bool filecheck(int argc, char ** argv, FILE* input_file) /* check if it's possible to open input file */
        -:   15:{
    #####:   16:	if (NULL == input_file)
        -:   17:	{
    #####:   18:		return false;
        -:   19:	}
        -:   20:	else
        -:   21:	{
    #####:   22:		return true;
        -:   23:	}
        -:   24:}
        -:   25:
    74409:   26:void getkey(string str, Key& k)
        -:   27:{
    74409:   28:    char * newstr = (char *)str.c_str();
    74409:   29:    int i = 0;
    74409:   30:    char * key = new char[100];
  8716929:   31:    while(' ' != newstr[i]) // getting the key
        -:   32:    {
  4321260:   33:        key[i] = newstr[i];
  4321260:   34:        ++i;
        -:   35:    }
    74409:   36:    key[i] = '\0';
    74409:   37:    k = key;
    74409:   38:    delete [] key;
        -:   39:
    74409:   40:}
    74409:   41:void getvalue(string str, Value& v)
        -:   42:{
        -:   43:    //cout << v.age << v.weight << "check << endl;"
    74409:   44:    char * newstr = (char *)str.c_str();
    74409:   45:    char * age = new char[100];
    74409:   46:    char * weight = new char[100];
    74409:   47:    int i = 0;
    74409:   48:    int age_ind = 0;
    74409:   49:    int weight_ind = 0;
  8716929:   50:    while(' ' != newstr[i]) 
        -:   51:    {
  4321260:   52:        ++i;
        -:   53:    }
    74409:   54:    ++i;
   372027:   55:    while(' ' != newstr[i]) 
        -:   56:    {
   148809:   57:        age[age_ind] = newstr[i];
   148809:   58:        ++age_ind;
   148809:   59:        ++i;
        -:   60:    }
    74409:   61:    ++i;
   372029:   62:    while('\0' != newstr[i]) 
        -:   63:    {
   148810:   64:        weight[weight_ind] = newstr[i];
   148810:   65:        ++weight_ind;
   148810:   66:        ++i;
        -:   67:    }
    74409:   68:    int res_age = atoi(age);
    74409:   69:    int res_weight = atoi(weight);
    74409:   70:    delete [] age;
    74409:   71:    delete [] weight;
        -:   72:    
    74409:   73:    v.age = res_age;
        -:   74:   // cout << "ok" << endl;
    74409:   75:    v.weight = res_weight;
    74412:   76:}
