        -:    0:Source:main.cpp
        -:    0:Programs:4
        -:    1:#include <iostream>
        -:    2:#include <fstream>
        -:    3:#include <string>
        -:    4:#include "input.h"
        -:    5:#include "hash.h"
        -:    6:#include "include/gtest/gtest.h"
        -:    7:
        -:    8://g++ -Lgtestbuild -I./include --coverage tests.cpp main.cpp input.cpp hash.cpp -lgtest
        -:    9://gcov -abcfu tests.cpp main.cpp input.cpp hash.cpp 
        -:   10:
        -:   11:
        -:   12://assignment --- *ht = *ht2;
        -:   13:
        -:   14:using namespace std;
        -:   15:
        1:   16:GTEST_API_ int main (int argc, char ** argv)
        -:   17:{	
        2:   18:	string str;
        2:   19:    ifstream input;
        1:   20:    input.open("qwe.txt");
        2:   21:    HashTable ht;
       17:   22:    while (getline(input, str))
        -:   23:    {
       16:   24:        Key key = str;
        -:   25:        Value value;
        8:   26:        getkey(str, key);
        8:   27:        getvalue(str, value);
        8:   28:        ht.insert(key, value);
        -:   29:    }
        -:   30:
        1:   31:    cout << endl << endl;
        1:   32:    ht.print();
        1:   33:    input.close();
        1:   34:    input.open("crusoe.txt");
        2:   35:    HashTable ht2;
   148803:   36:    while (getline(input, str))
        -:   37:    {
        -:   38:        
   148802:   39:        Key key = str;
        -:   40:        Value value;
    74401:   41:        getkey(str, key);
    74401:   42:        getvalue(str, value);
        -:   43:        
    74401:   44:        ht2.insert(key, value);
        -:   45:        
        -:   46:    }
        1:   47:    input.close();
        -:   48:    //ht2.print();
        1:   49:    cout << "Waiting" << endl;
        1:   50:    while (cin >> str)
        -:   51:    {
        1:   52:        if(ht2.search(str))
        -:   53:        {
    #####:   54:            cout << ht2.at(str).age << " age" << endl;
    #####:   55:            cout << ht2.at(str).weight << " weight" << endl; 
        -:   56:        }
        -:   57:        else
        -:   58:        {
        1:   59:            cout << "Not found" << endl;
        1:   60:            break;
        -:   61:        }
        -:   62:    }
        -:   63:    /*cout << endl << endl;
        -:   64:    const HashTable ht3 = ht;
        -:   65:
        -:   66:    cout << ht3.at("qas").age << " 3 age" << endl;
        -:   67:    ht3.at("qas").age = 5;
        -:   68:    cout << ht3.at("qas").age << " 4 age" << endl;*/
        -:   69:    //cout << "Running tests\n" << endl;
        -:   70:    //testing::InitGoogleTest(&argc, argv);
        -:   71:    //return RUN_ALL_TESTS();
        -:   72: 
        4:   73:}
        -:   74:
        -:   75:
        -:   76:
        -:   77:
        -:   78:/* cout << "test swap" << endl;
        -:   79:    ht->swap(*ht2);
        -:   80:    ht->print();
        -:   81:    ht2->print();
        -:   82:    ht2 = ht2;
        -:   83:    cout << endl << endl;
        -:   84:    cout << "test operator =" << endl;
        -:   85:    ht->print();
        -:   86:    ht2->print();
        -:   87:    cout << endl << endl;
        -:   88:    cout << "test clear" << endl;
        -:   89:    ht->clear();
        -:   90:    ht->print();
        -:   91:    ht2->print();
        -:   92:    cout << endl << endl;
        -:   93:    cout << "test erase" << endl;
        -:   94:    ht2->erase("uggu");
        -:   95:    ht2->erase("qas");
        -:   96:    ht2->erase("qwe");
        -:   97:    ht2->erase("rtyu");
        -:   98:    ht2->erase("gfhbjbh");
        -:   99:    ht2->erase("uggu");
        -:  100:    ht2->erase("uggu");
        -:  101:    ht2->print();
        -:  102:    cout << endl << endl;
        -:  103:    int size = ht2->getsize();
        -:  104:    cout << "SIZE " << size << endl;
        -:  105:    bool empt1 = ht->empty();
        -:  106:    bool empt2 = ht2->empty();
        -:  107:    cout << "EMPTY CHECK " << empt1 << ' ' << empt2 << endl;
        -:  108:    cout << endl << endl << "== CHECK " << endl;
        -:  109:    if (ht == ht2)
        -:  110:        cout << "YES" << endl;
        -:  111:    else
        -:  112:        cout << "NO" << endl;
        -:  113:    if (ht != ht2)
        -:  114:        cout << "no" << endl;
        -:  115:    else
        -:  116:        cout << "yes" << endl;
        -:  117:    //ht = ht2;
        -:  118:    if (ht == ht2)
        -:  119:        cout << "YES" << endl;
        -:  120:    else
        -:  121:        cout << "NO" << endl;
        -:  122:    if (ht != ht2)
        -:  123:        cout << "no" << endl;
        -:  124:    else
        -:  125:        cout << "yes" << endl;
        -:  126:    cout << endl << endl;
        -:  127:    cout << "test at" << endl;
        -:  128:   // Value test = ht2->at("gg");
        -:  129:    cout << endl << endl;
        -:  130:    cout << "test operator []" << endl;
        -:  131:    ht->print();
        -:  132:    ht2->print();
        -:  133:    //test = (*ht)[(const Key &)("qwe")];
        -:  134:    //cout << "testing [] " << test.age << ' ' << test.weight << endl; */
