        -:    0:Source:tests.cpp
        -:    0:Programs:4
        -:    1:#include "include/gtest/gtest.h"
        -:    2:#include "hash.h"
        -:    3:
        -:    4://g++ -Lgtestbuild -I./include tests.cpp main.cpp input.cpp hash.cpp -lgtest
        -:    5: 
function _ZN25HashTests_EqualityOp_TestD0Ev called 2 returned 100% blocks executed 100%
function _ZN25HashTests_EqualityOp_TestD1Ev called 2 returned 100% blocks executed 80%
function _ZN25HashTests_EqualityOp_Test8TestBodyEv called 2 returned 100% blocks executed 33%
function _ZN25HashTests_EqualityOp_TestC1Ev called 2 returned 100% blocks executed 100%
       14:    6:TEST (HashTests, EqualityOp)
call    0 returned 2
call    1 returned 2
call    2 returned 2
call    3 returned 2
        2:    6-block  0
        2:    6-block  1
call    4 returned 2
call    5 returned 2
        2:    6-block  2
        2:    6-block  3
call    6 returned 2
branch  7 taken 2 (fallthrough)
branch  8 taken 0 (throw)
        2:    6-block  4
branch  9 taken 0 (fallthrough)
branch 10 taken 2
    $$$$$:    6-block  5
call   11 never executed
unconditional 12 never executed
        2:    6-block  6
unconditional 13 taken 2
        2:    6-block  7
        2:    6-block  8
        2:    6-block  9
call   14 returned 2
        -:    7:{
        4:    8:	HashTable ht1;
        2:    8-block  0
call    0 returned 2
branch  1 taken 2 (fallthrough)
branch  2 taken 0 (throw)
        2:    8-block  1
call    3 returned 2
branch  4 taken 2 (fallthrough)
branch  5 taken 0 (throw)
    %%%%%:    8-block  2
call    6 never executed
unconditional  7 never executed
        4:    9:	HashTable ht2;
        2:    9-block  0
call    0 returned 2
branch  1 taken 2 (fallthrough)
branch  2 taken 0 (throw)
        2:    9-block  1
call    3 returned 2
branch  4 taken 2 (fallthrough)
branch  5 taken 0 (throw)
    %%%%%:    9-block  2
call    6 never executed
unconditional  7 never executed
        2:   10:	EXPECT_TRUE(ht1 == ht2);
        2:   10-block  0
call    0 returned 2
branch  1 taken 2 (fallthrough)
branch  2 taken 0 (throw)
        2:   10-block  1
call    3 returned 2
branch  4 taken 2 (fallthrough)
branch  5 taken 0 (throw)
        2:   10-block  2
call    6 returned 2
branch  7 taken 0 (fallthrough)
branch  8 taken 2
    $$$$$:   10-block  3
call    9 never executed
branch 10 never executed
branch 11 never executed
    $$$$$:   10-block  4
call   12 never executed
branch 13 never executed
branch 14 never executed
    $$$$$:   10-block  5
call   15 never executed
branch 16 never executed
branch 17 never executed
    $$$$$:   10-block  6
call   18 never executed
branch 19 never executed
branch 20 never executed
    $$$$$:   10-block  7
call   21 never executed
branch 22 never executed
branch 23 never executed
    $$$$$:   10-block  8
call   24 never executed
branch 25 never executed
branch 26 never executed
    $$$$$:   10-block  9
call   27 never executed
branch 28 never executed
branch 29 never executed
    $$$$$:   10-block 10
call   30 never executed
branch 31 never executed
branch 32 never executed
    $$$$$:   10-block 11
unconditional 33 never executed
        2:   10-block 12
call   34 returned 2
branch 35 taken 2 (fallthrough)
branch 36 taken 0 (throw)
    %%%%%:   10-block 13
call   37 never executed
unconditional 38 never executed
    %%%%%:   10-block 14
call   39 never executed
unconditional 40 never executed
    %%%%%:   10-block 15
call   41 never executed
unconditional 42 never executed
    %%%%%:   10-block 16
call   43 never executed
unconditional 44 never executed
    %%%%%:   10-block 17
unconditional 45 never executed
        2:   11:	Value temp1 = {1, 1};
        2:   12:	ht1.insert("qwe", temp1);
        2:   12-block  0
call    0 returned 2
call    1 returned 2
branch  2 taken 2 (fallthrough)
branch  3 taken 0 (throw)
        2:   12-block  1
call    4 returned 2
branch  5 taken 2 (fallthrough)
branch  6 taken 0 (throw)
        2:   12-block  2
call    7 returned 2
branch  8 taken 2 (fallthrough)
branch  9 taken 0 (throw)
        2:   12-block  3
call   10 returned 2
    %%%%%:   12-block  4
call   11 never executed
unconditional 12 never executed
    %%%%%:   12-block  5
call   13 never executed
unconditional 14 never executed
        2:   13:	ht2.insert("qwe", temp1);
call    0 returned 2
call    1 returned 2
branch  2 taken 2 (fallthrough)
branch  3 taken 0 (throw)
        2:   13-block  0
call    4 returned 2
branch  5 taken 2 (fallthrough)
branch  6 taken 0 (throw)
        2:   13-block  1
call    7 returned 2
branch  8 taken 2 (fallthrough)
branch  9 taken 0 (throw)
        2:   13-block  2
call   10 returned 2
    %%%%%:   13-block  3
call   11 never executed
unconditional 12 never executed
    %%%%%:   13-block  4
call   13 never executed
unconditional 14 never executed
        2:   14:	EXPECT_TRUE(ht1 == ht2);
call    0 returned 2
branch  1 taken 2 (fallthrough)
branch  2 taken 0 (throw)
        2:   14-block  0
call    3 returned 2
branch  4 taken 2 (fallthrough)
branch  5 taken 0 (throw)
        2:   14-block  1
call    6 returned 2
branch  7 taken 0 (fallthrough)
branch  8 taken 2
    $$$$$:   14-block  2
call    9 never executed
branch 10 never executed
branch 11 never executed
    $$$$$:   14-block  3
call   12 never executed
branch 13 never executed
branch 14 never executed
    $$$$$:   14-block  4
call   15 never executed
branch 16 never executed
branch 17 never executed
    $$$$$:   14-block  5
call   18 never executed
branch 19 never executed
branch 20 never executed
    $$$$$:   14-block  6
call   21 never executed
branch 22 never executed
branch 23 never executed
    $$$$$:   14-block  7
call   24 never executed
branch 25 never executed
branch 26 never executed
    $$$$$:   14-block  8
call   27 never executed
branch 28 never executed
branch 29 never executed
    $$$$$:   14-block  9
call   30 never executed
branch 31 never executed
branch 32 never executed
    $$$$$:   14-block 10
unconditional 33 never executed
        2:   14-block 11
call   34 returned 2
branch 35 taken 2 (fallthrough)
branch 36 taken 0 (throw)
    %%%%%:   14-block 12
call   37 never executed
unconditional 38 never executed
    %%%%%:   14-block 13
call   39 never executed
unconditional 40 never executed
    %%%%%:   14-block 14
call   41 never executed
unconditional 42 never executed
    %%%%%:   14-block 15
call   43 never executed
unconditional 44 never executed
    %%%%%:   14-block 16
unconditional 45 never executed
        2:   15:	ht1.insert("asd", temp1);
        2:   15-block  0
call    0 returned 2
call    1 returned 2
branch  2 taken 2 (fallthrough)
branch  3 taken 0 (throw)
        2:   15-block  1
call    4 returned 2
branch  5 taken 2 (fallthrough)
branch  6 taken 0 (throw)
        2:   15-block  2
call    7 returned 2
branch  8 taken 2 (fallthrough)
branch  9 taken 0 (throw)
        2:   15-block  3
call   10 returned 2
    %%%%%:   15-block  4
call   11 never executed
unconditional 12 never executed
    %%%%%:   15-block  5
call   13 never executed
unconditional 14 never executed
        2:   16:	ht2.insert("zxc", temp1);
call    0 returned 2
call    1 returned 2
branch  2 taken 2 (fallthrough)
branch  3 taken 0 (throw)
        2:   16-block  0
call    4 returned 2
branch  5 taken 2 (fallthrough)
branch  6 taken 0 (throw)
        2:   16-block  1
call    7 returned 2
branch  8 taken 2 (fallthrough)
branch  9 taken 0 (throw)
        2:   16-block  2
call   10 returned 2
    %%%%%:   16-block  3
call   11 never executed
unconditional 12 never executed
    %%%%%:   16-block  4
call   13 never executed
unconditional 14 never executed
        2:   17:	EXPECT_TRUE(ht1 != ht2);
call    0 returned 2
branch  1 taken 2 (fallthrough)
branch  2 taken 0 (throw)
        2:   17-block  0
call    3 returned 2
branch  4 taken 2 (fallthrough)
branch  5 taken 0 (throw)
        2:   17-block  1
call    6 returned 2
branch  7 taken 0 (fallthrough)
branch  8 taken 2
    $$$$$:   17-block  2
call    9 never executed
branch 10 never executed
branch 11 never executed
    $$$$$:   17-block  3
call   12 never executed
branch 13 never executed
branch 14 never executed
    $$$$$:   17-block  4
call   15 never executed
branch 16 never executed
branch 17 never executed
    $$$$$:   17-block  5
call   18 never executed
branch 19 never executed
branch 20 never executed
    $$$$$:   17-block  6
call   21 never executed
branch 22 never executed
branch 23 never executed
    $$$$$:   17-block  7
call   24 never executed
branch 25 never executed
branch 26 never executed
    $$$$$:   17-block  8
call   27 never executed
branch 28 never executed
branch 29 never executed
    $$$$$:   17-block  9
call   30 never executed
branch 31 never executed
branch 32 never executed
    $$$$$:   17-block 10
unconditional 33 never executed
        2:   17-block 11
call   34 returned 2
branch 35 taken 2 (fallthrough)
branch 36 taken 0 (throw)
    %%%%%:   17-block 12
call   37 never executed
unconditional 38 never executed
    %%%%%:   17-block 13
call   39 never executed
unconditional 40 never executed
    %%%%%:   17-block 14
call   41 never executed
unconditional 42 never executed
    %%%%%:   17-block 15
call   43 never executed
unconditional 44 never executed
    %%%%%:   17-block 16
unconditional 45 never executed
        2:   18:	EXPECT_FALSE(ht1 == ht2);
        2:   18-block  0
call    0 returned 2
branch  1 taken 2 (fallthrough)
branch  2 taken 0 (throw)
        2:   18-block  1
call    3 returned 2
branch  4 taken 2 (fallthrough)
branch  5 taken 0 (throw)
        2:   18-block  2
call    6 returned 2
branch  7 taken 0 (fallthrough)
branch  8 taken 2
    $$$$$:   18-block  3
call    9 never executed
branch 10 never executed
branch 11 never executed
    $$$$$:   18-block  4
call   12 never executed
branch 13 never executed
branch 14 never executed
    $$$$$:   18-block  5
call   15 never executed
branch 16 never executed
branch 17 never executed
    $$$$$:   18-block  6
call   18 never executed
branch 19 never executed
branch 20 never executed
    $$$$$:   18-block  7
call   21 never executed
branch 22 never executed
branch 23 never executed
    $$$$$:   18-block  8
call   24 never executed
branch 25 never executed
branch 26 never executed
    $$$$$:   18-block  9
call   27 never executed
branch 28 never executed
branch 29 never executed
    $$$$$:   18-block 10
call   30 never executed
branch 31 never executed
branch 32 never executed
    $$$$$:   18-block 11
unconditional 33 never executed
        2:   18-block 12
call   34 returned 2
branch 35 taken 2 (fallthrough)
branch 36 taken 0 (throw)
    %%%%%:   18-block 13
call   37 never executed
unconditional 38 never executed
    %%%%%:   18-block 14
call   39 never executed
unconditional 40 never executed
    %%%%%:   18-block 15
call   41 never executed
unconditional 42 never executed
    %%%%%:   18-block 16
call   43 never executed
unconditional 44 never executed
    %%%%%:   18-block 17
unconditional 45 never executed
        2:   19:}
        2:   19-block  0
unconditional  0 taken 2
        -:   20:
function _ZN20HashTests_Erase_TestD0Ev called 2 returned 100% blocks executed 100%
function _ZN20HashTests_Erase_TestD1Ev called 2 returned 100% blocks executed 80%
function _ZN20HashTests_Erase_Test8TestBodyEv called 2 returned 100% blocks executed 34%
function _ZN20HashTests_Erase_TestC1Ev called 2 returned 100% blocks executed 100%
       14:   21:TEST (HashTests, Erase)
call    0 returned 2
call    1 returned 2
call    2 returned 2
call    3 returned 2
        2:   21-block  0
        2:   21-block  1
call    4 returned 2
call    5 returned 2
        2:   21-block  2
        2:   21-block  3
call    6 returned 2
branch  7 taken 2 (fallthrough)
branch  8 taken 0 (throw)
        2:   21-block  4
branch  9 taken 0 (fallthrough)
branch 10 taken 2
    $$$$$:   21-block  5
call   11 never executed
unconditional 12 never executed
        2:   21-block  6
unconditional 13 taken 2
        2:   21-block  7
        2:   21-block  8
        2:   21-block  9
call   14 returned 2
        -:   22:{
        4:   23:	HashTable ht;
        2:   23-block  0
call    0 returned 2
branch  1 taken 2 (fallthrough)
branch  2 taken 0 (throw)
        2:   23-block  1
unconditional  3 taken 2
        2:   23-block  2
unconditional  4 taken 2
    $$$$$:   23-block  3
unconditional  5 never executed
        2:   23-block  4
unconditional  6 taken 2
    %%%%%:   23-block  5
call    7 never executed
unconditional  8 never executed
        2:   24:	Value temp = {1, 1};
        2:   25:	ht.insert("qwe", temp);
        2:   25-block  0
call    0 returned 2
call    1 returned 2
branch  2 taken 2 (fallthrough)
branch  3 taken 0 (throw)
        2:   25-block  1
call    4 returned 2
branch  5 taken 2 (fallthrough)
branch  6 taken 0 (throw)
        2:   25-block  2
call    7 returned 2
branch  8 taken 2 (fallthrough)
branch  9 taken 0 (throw)
        2:   25-block  3
call   10 returned 2
    %%%%%:   25-block  4
call   11 never executed
unconditional 12 never executed
    %%%%%:   25-block  5
call   13 never executed
unconditional 14 never executed
        2:   26:	ASSERT_FALSE(ht.empty());
call    0 returned 2
branch  1 taken 2 (fallthrough)
branch  2 taken 0 (throw)
        2:   26-block  0
call    3 returned 2
branch  4 taken 2 (fallthrough)
branch  5 taken 0 (throw)
        2:   26-block  1
call    6 returned 2
branch  7 taken 0 (fallthrough)
branch  8 taken 2
    $$$$$:   26-block  2
call    9 never executed
branch 10 never executed
branch 11 never executed
    $$$$$:   26-block  3
call   12 never executed
branch 13 never executed
branch 14 never executed
    $$$$$:   26-block  4
call   15 never executed
branch 16 never executed
branch 17 never executed
    $$$$$:   26-block  5
call   18 never executed
branch 19 never executed
branch 20 never executed
    $$$$$:   26-block  6
call   21 never executed
branch 22 never executed
branch 23 never executed
    $$$$$:   26-block  7
call   24 never executed
branch 25 never executed
branch 26 never executed
    $$$$$:   26-block  8
call   27 never executed
branch 28 never executed
branch 29 never executed
    $$$$$:   26-block  9
call   30 never executed
branch 31 never executed
branch 32 never executed
    $$$$$:   26-block 10
unconditional 33 never executed
        2:   26-block 11
unconditional 34 taken 2
        2:   26-block 12
call   35 returned 2
branch 36 taken 2 (fallthrough)
branch 37 taken 0 (throw)
        2:   26-block 13
branch 38 taken 2
branch 39 taken 0
        2:   26-block 14
unconditional 40 taken 2
    %%%%%:   26-block 15
call   41 never executed
unconditional 42 never executed
    %%%%%:   26-block 16
call   43 never executed
unconditional 44 never executed
    %%%%%:   26-block 17
call   45 never executed
unconditional 46 never executed
    %%%%%:   26-block 18
call   47 never executed
unconditional 48 never executed
    %%%%%:   26-block 19
unconditional 49 never executed
    %%%%%:   26-block 20
call   50 never executed
        2:   27:	EXPECT_TRUE(ht.search("qwe"));
        2:   27-block  0
call    0 returned 2
call    1 returned 2
branch  2 taken 2 (fallthrough)
branch  3 taken 0 (throw)
    $$$$$:   27-block  1
unconditional  4 never executed
        2:   27-block  2
call    5 returned 2
branch  6 taken 2 (fallthrough)
branch  7 taken 0 (throw)
        2:   27-block  3
call    8 returned 2
branch  9 taken 2 (fallthrough)
branch 10 taken 0 (throw)
        2:   27-block  4
call   11 returned 2
branch 12 taken 2 (fallthrough)
branch 13 taken 0 (throw)
        2:   27-block  5
call   14 returned 2
call   15 returned 2
branch 16 taken 0 (fallthrough)
branch 17 taken 2
    $$$$$:   27-block  6
call   18 never executed
branch 19 never executed
branch 20 never executed
    $$$$$:   27-block  7
call   21 never executed
branch 22 never executed
branch 23 never executed
    $$$$$:   27-block  8
call   24 never executed
branch 25 never executed
branch 26 never executed
    $$$$$:   27-block  9
call   27 never executed
branch 28 never executed
branch 29 never executed
    $$$$$:   27-block 10
call   30 never executed
branch 31 never executed
branch 32 never executed
    $$$$$:   27-block 11
call   33 never executed
branch 34 never executed
branch 35 never executed
    $$$$$:   27-block 12
call   36 never executed
branch 37 never executed
branch 38 never executed
    $$$$$:   27-block 13
call   39 never executed
branch 40 never executed
branch 41 never executed
    $$$$$:   27-block 14
unconditional 42 never executed
        2:   27-block 15
call   43 returned 2
branch 44 taken 2 (fallthrough)
branch 45 taken 0 (throw)
unconditional 46 never executed
    %%%%%:   27-block 16
call   47 never executed
unconditional 48 never executed
    %%%%%:   27-block 17
call   49 never executed
unconditional 50 never executed
    %%%%%:   27-block 18
call   51 never executed
unconditional 52 never executed
    %%%%%:   27-block 19
call   53 never executed
unconditional 54 never executed
    %%%%%:   27-block 20
call   55 never executed
unconditional 56 never executed
    %%%%%:   27-block 21
call   57 never executed
unconditional 58 never executed
    %%%%%:   27-block 22
unconditional 59 never executed
        2:   28:	ht.erase("qwe");
        2:   28-block  0
call    0 returned 2
call    1 returned 2
branch  2 taken 2 (fallthrough)
branch  3 taken 0 (throw)
        2:   28-block  1
call    4 returned 2
branch  5 taken 2 (fallthrough)
branch  6 taken 0 (throw)
        2:   28-block  2
call    7 returned 2
branch  8 taken 2 (fallthrough)
branch  9 taken 0 (throw)
        2:   28-block  3
call   10 returned 2
    %%%%%:   28-block  4
call   11 never executed
unconditional 12 never executed
    %%%%%:   28-block  5
call   13 never executed
unconditional 14 never executed
        2:   29:	EXPECT_TRUE(ht.empty());
call    0 returned 2
branch  1 taken 2 (fallthrough)
branch  2 taken 0 (throw)
        2:   29-block  0
call    3 returned 2
branch  4 taken 2 (fallthrough)
branch  5 taken 0 (throw)
        2:   29-block  1
call    6 returned 2
branch  7 taken 0 (fallthrough)
branch  8 taken 2
    $$$$$:   29-block  2
call    9 never executed
branch 10 never executed
branch 11 never executed
    $$$$$:   29-block  3
call   12 never executed
branch 13 never executed
branch 14 never executed
    $$$$$:   29-block  4
call   15 never executed
branch 16 never executed
branch 17 never executed
    $$$$$:   29-block  5
call   18 never executed
branch 19 never executed
branch 20 never executed
    $$$$$:   29-block  6
call   21 never executed
branch 22 never executed
branch 23 never executed
    $$$$$:   29-block  7
call   24 never executed
branch 25 never executed
branch 26 never executed
    $$$$$:   29-block  8
call   27 never executed
branch 28 never executed
branch 29 never executed
    $$$$$:   29-block  9
call   30 never executed
branch 31 never executed
branch 32 never executed
    $$$$$:   29-block 10
unconditional 33 never executed
        2:   29-block 11
call   34 returned 2
branch 35 taken 2 (fallthrough)
branch 36 taken 0 (throw)
    %%%%%:   29-block 12
call   37 never executed
unconditional 38 never executed
    %%%%%:   29-block 13
call   39 never executed
unconditional 40 never executed
    %%%%%:   29-block 14
call   41 never executed
unconditional 42 never executed
    %%%%%:   29-block 15
call   43 never executed
unconditional 44 never executed
    %%%%%:   29-block 16
unconditional 45 never executed
    %%%%%:   29-block 17
call   46 never executed
        2:   30:	EXPECT_FALSE(ht.search("qwe"));
        2:   30-block  0
call    0 returned 2
call    1 returned 2
branch  2 taken 2 (fallthrough)
branch  3 taken 0 (throw)
        2:   30-block  1
call    4 returned 2
branch  5 taken 2 (fallthrough)
branch  6 taken 0 (throw)
        2:   30-block  2
call    7 returned 2
branch  8 taken 2 (fallthrough)
branch  9 taken 0 (throw)
        2:   30-block  3
call   10 returned 2
branch 11 taken 2 (fallthrough)
branch 12 taken 0 (throw)
        2:   30-block  4
call   13 returned 2
call   14 returned 2
branch 15 taken 0 (fallthrough)
branch 16 taken 2
    $$$$$:   30-block  5
call   17 never executed
branch 18 never executed
branch 19 never executed
    $$$$$:   30-block  6
call   20 never executed
branch 21 never executed
branch 22 never executed
    $$$$$:   30-block  7
call   23 never executed
branch 24 never executed
branch 25 never executed
    $$$$$:   30-block  8
call   26 never executed
branch 27 never executed
branch 28 never executed
    $$$$$:   30-block  9
call   29 never executed
branch 30 never executed
branch 31 never executed
    $$$$$:   30-block 10
call   32 never executed
branch 33 never executed
branch 34 never executed
    $$$$$:   30-block 11
call   35 never executed
branch 36 never executed
branch 37 never executed
    $$$$$:   30-block 12
call   38 never executed
branch 39 never executed
branch 40 never executed
    $$$$$:   30-block 13
unconditional 41 never executed
        2:   30-block 14
call   42 returned 2
branch 43 taken 2 (fallthrough)
branch 44 taken 0 (throw)
        2:   30-block 15
unconditional 45 taken 2
        2:   30-block 16
call   46 returned 2
branch 47 taken 2 (fallthrough)
branch 48 taken 0 (throw)
        2:   30-block 17
branch 49 taken 2
branch 50 taken 0
unconditional 51 never executed
    %%%%%:   30-block 18
call   52 never executed
unconditional 53 never executed
    %%%%%:   30-block 19
call   54 never executed
unconditional 55 never executed
    %%%%%:   30-block 20
call   56 never executed
unconditional 57 never executed
    %%%%%:   30-block 21
call   58 never executed
unconditional 59 never executed
    %%%%%:   30-block 22
call   60 never executed
unconditional 61 never executed
    %%%%%:   30-block 23
call   62 never executed
unconditional 63 never executed
    %%%%%:   30-block 24
unconditional 64 never executed
        -:   31:}
        -:   32:
function _ZN22HashTests_GetHash_TestD0Ev called 2 returned 100% blocks executed 100%
function _ZN22HashTests_GetHash_TestD1Ev called 2 returned 100% blocks executed 80%
function _ZN22HashTests_GetHash_Test8TestBodyEv called 2 returned 100% blocks executed 41%
function _ZN22HashTests_GetHash_TestC1Ev called 2 returned 100% blocks executed 100%
       14:   33:TEST (HashTests, GetHash)
call    0 returned 2
call    1 returned 2
call    2 returned 2
call    3 returned 2
        2:   33-block  0
        2:   33-block  1
call    4 returned 2
call    5 returned 2
        2:   33-block  2
        2:   33-block  3
call    6 returned 2
branch  7 taken 2 (fallthrough)
branch  8 taken 0 (throw)
        2:   33-block  4
branch  9 taken 0 (fallthrough)
branch 10 taken 2
    $$$$$:   33-block  5
call   11 never executed
unconditional 12 never executed
        2:   33-block  6
unconditional 13 taken 2
        2:   33-block  7
        2:   33-block  8
        2:   33-block  9
call   14 returned 2
        -:   34:{
        4:   35:	Key k = "eargaergvaefvawevajjjjjjjjjjjjjjjjjjjjjjjjjjjjjjjjjjjjjjjjjjjjjjjjjjjjjjjjjjjjjkjhkjguyfcytcttt1777777777777777777wefwavwfevawefawefvavregvtgvarvgawevef";
        2:   35-block  0
call    0 returned 2
call    1 returned 2
branch  2 taken 2 (fallthrough)
branch  3 taken 0 (throw)
        2:   35-block  1
call    4 returned 2
        2:   35-block  2
unconditional  5 taken 2
        2:   35-block  3
unconditional  6 taken 2
    $$$$$:   35-block  4
unconditional  7 never executed
        2:   35-block  5
unconditional  8 taken 2
    %%%%%:   35-block  6
call    9 never executed
unconditional 10 never executed
    %%%%%:   35-block  7
call   11 never executed
unconditional 12 never executed
        4:   36:	HashTable ht;
call    0 returned 2
branch  1 taken 2 (fallthrough)
branch  2 taken 0 (throw)
        2:   36-block  0
unconditional  3 taken 2
    $$$$$:   36-block  1
unconditional  4 never executed
        2:   36-block  2
unconditional  5 taken 2
        2:   36-block  3
call    6 returned 2
branch  7 taken 2 (fallthrough)
branch  8 taken 0 (throw)
        2:   36-block  4
branch  9 taken 2
branch 10 taken 0
    %%%%%:   36-block  5
call   11 never executed
unconditional 12 never executed
        2:   37:	int hash = ht.gethash(k);
        2:   37-block  0
call    0 returned 2
branch  1 taken 2 (fallthrough)
branch  2 taken 0 (throw)
        2:   37-block  1
call    3 returned 2
branch  4 taken 2 (fallthrough)
branch  5 taken 0 (throw)
        2:   37-block  2
call    6 returned 2
branch  7 taken 2 (fallthrough)
branch  8 taken 0 (throw)
    %%%%%:   37-block  3
call    9 never executed
unconditional 10 never executed
        2:   38:	ASSERT_FALSE(hash < 0);
        2:   38-block  0
call    0 returned 2
branch  1 taken 2 (fallthrough)
branch  2 taken 0 (throw)
        2:   38-block  1
call    3 returned 2
branch  4 taken 0 (fallthrough)
branch  5 taken 2
    $$$$$:   38-block  2
call    6 never executed
branch  7 never executed
branch  8 never executed
    $$$$$:   38-block  3
call    9 never executed
branch 10 never executed
branch 11 never executed
    $$$$$:   38-block  4
call   12 never executed
branch 13 never executed
branch 14 never executed
    $$$$$:   38-block  5
call   15 never executed
branch 16 never executed
branch 17 never executed
    $$$$$:   38-block  6
call   18 never executed
branch 19 never executed
branch 20 never executed
    $$$$$:   38-block  7
call   21 never executed
branch 22 never executed
branch 23 never executed
    $$$$$:   38-block  8
call   24 never executed
branch 25 never executed
branch 26 never executed
    $$$$$:   38-block  9
call   27 never executed
branch 28 never executed
branch 29 never executed
    $$$$$:   38-block 10
unconditional 30 never executed
        2:   38-block 11
unconditional 31 taken 2
        2:   38-block 12
call   32 returned 2
branch 33 taken 2 (fallthrough)
branch 34 taken 0 (throw)
        2:   38-block 13
branch 35 taken 2
branch 36 taken 0
        2:   38-block 14
unconditional 37 taken 2
    %%%%%:   38-block 15
call   38 never executed
unconditional 39 never executed
    %%%%%:   38-block 16
call   40 never executed
unconditional 41 never executed
    %%%%%:   38-block 17
call   42 never executed
unconditional 43 never executed
    %%%%%:   38-block 18
call   44 never executed
unconditional 45 never executed
    %%%%%:   38-block 19
unconditional 46 never executed
        2:   39:	ASSERT_FALSE(hash >= ht.getcapacity());
        2:   39-block  0
call    0 returned 2
branch  1 taken 2 (fallthrough)
branch  2 taken 0 (throw)
    $$$$$:   39-block  1
unconditional  3 never executed
        2:   39-block  2
call    4 returned 2
branch  5 taken 2 (fallthrough)
branch  6 taken 0 (throw)
        2:   39-block  3
call    7 returned 2
branch  8 taken 0 (fallthrough)
branch  9 taken 2
    $$$$$:   39-block  4
call   10 never executed
branch 11 never executed
branch 12 never executed
    $$$$$:   39-block  5
call   13 never executed
branch 14 never executed
branch 15 never executed
    $$$$$:   39-block  6
call   16 never executed
branch 17 never executed
branch 18 never executed
    $$$$$:   39-block  7
call   19 never executed
branch 20 never executed
branch 21 never executed
    $$$$$:   39-block  8
call   22 never executed
branch 23 never executed
branch 24 never executed
    $$$$$:   39-block  9
call   25 never executed
branch 26 never executed
branch 27 never executed
    $$$$$:   39-block 10
call   28 never executed
branch 29 never executed
branch 30 never executed
    $$$$$:   39-block 11
call   31 never executed
branch 32 never executed
branch 33 never executed
    $$$$$:   39-block 12
unconditional 34 never executed
        2:   39-block 13
unconditional 35 taken 2
        2:   39-block 14
call   36 returned 2
branch 37 taken 2 (fallthrough)
branch 38 taken 0 (throw)
        2:   39-block 15
branch 39 taken 2
branch 40 taken 0
        2:   39-block 16
unconditional 41 taken 2
        2:   39-block 17
unconditional 42 taken 2
    $$$$$:   39-block 18
unconditional 43 never executed
        2:   39-block 19
call   44 returned 2
branch 45 taken 2 (fallthrough)
branch 46 taken 0 (throw)
        2:   39-block 20
branch 47 taken 2
branch 48 taken 0
    %%%%%:   39-block 21
call   49 never executed
unconditional 50 never executed
    %%%%%:   39-block 22
call   51 never executed
unconditional 52 never executed
    %%%%%:   39-block 23
call   53 never executed
unconditional 54 never executed
    %%%%%:   39-block 24
call   55 never executed
unconditional 56 never executed
    %%%%%:   39-block 25
unconditional 57 never executed
        -:   40:}
        -:   41:
function _ZN26HashTests_Constructor_TestD0Ev called 2 returned 100% blocks executed 100%
function _ZN26HashTests_Constructor_TestD1Ev called 2 returned 100% blocks executed 80%
function _ZN26HashTests_Constructor_Test8TestBodyEv called 2 returned 100% blocks executed 31%
function _ZN26HashTests_Constructor_TestC1Ev called 2 returned 100% blocks executed 100%
       14:   42:TEST (HashTests, Constructor)
call    0 returned 2
call    1 returned 2
call    2 returned 2
call    3 returned 2
        2:   42-block  0
        2:   42-block  1
call    4 returned 2
call    5 returned 2
        2:   42-block  2
        2:   42-block  3
call    6 returned 2
branch  7 taken 2 (fallthrough)
branch  8 taken 0 (throw)
        2:   42-block  4
branch  9 taken 0 (fallthrough)
branch 10 taken 2
    $$$$$:   42-block  5
call   11 never executed
unconditional 12 never executed
        2:   42-block  6
unconditional 13 taken 2
        2:   42-block  7
        2:   42-block  8
        2:   42-block  9
call   14 returned 2
        -:   43:{
        2:   44:	HashTable * pht = new HashTable;
        2:   44-block  0
call    0 returned 2
branch  1 taken 2 (fallthrough)
branch  2 taken 0 (throw)
        2:   44-block  1
call    3 returned 2
branch  4 taken 2 (fallthrough)
branch  5 taken 0 (throw)
    %%%%%:   44-block  2
call    6 never executed
unconditional  7 never executed
        2:   45:	ASSERT_FALSE(pht->getcapacity() <= 0);
        2:   45-block  0
call    0 returned 2
branch  1 taken 2 (fallthrough)
branch  2 taken 0 (throw)
        2:   45-block  1
call    3 returned 2
branch  4 taken 2 (fallthrough)
branch  5 taken 0 (throw)
        2:   45-block  2
call    6 returned 2
branch  7 taken 0 (fallthrough)
branch  8 taken 2
    $$$$$:   45-block  3
call    9 never executed
branch 10 never executed
branch 11 never executed
    $$$$$:   45-block  4
call   12 never executed
branch 13 never executed
branch 14 never executed
    $$$$$:   45-block  5
call   15 never executed
branch 16 never executed
branch 17 never executed
    $$$$$:   45-block  6
call   18 never executed
branch 19 never executed
branch 20 never executed
    $$$$$:   45-block  7
call   21 never executed
branch 22 never executed
branch 23 never executed
    $$$$$:   45-block  8
call   24 never executed
branch 25 never executed
branch 26 never executed
    $$$$$:   45-block  9
call   27 never executed
branch 28 never executed
branch 29 never executed
    $$$$$:   45-block 10
call   30 never executed
branch 31 never executed
branch 32 never executed
    $$$$$:   45-block 11
unconditional 33 never executed
        2:   45-block 12
unconditional 34 taken 2
        2:   45-block 13
call   35 returned 2
branch 36 taken 2 (fallthrough)
branch 37 taken 0 (throw)
        2:   45-block 14
branch 38 taken 2
branch 39 taken 0
        2:   45-block 15
unconditional 40 taken 2
    %%%%%:   45-block 16
call   41 never executed
unconditional 42 never executed
    %%%%%:   45-block 17
call   43 never executed
unconditional 44 never executed
    %%%%%:   45-block 18
call   45 never executed
unconditional 46 never executed
    %%%%%:   45-block 19
call   47 never executed
unconditional 48 never executed
    %%%%%:   45-block 20
unconditional 49 never executed
        2:   46:	EXPECT_TRUE(pht->getsize() == 0);
        2:   46-block  0
call    0 returned 2
branch  1 taken 2 (fallthrough)
branch  2 taken 0 (throw)
    $$$$$:   46-block  1
unconditional  3 never executed
        2:   46-block  2
call    4 returned 2
branch  5 taken 2 (fallthrough)
branch  6 taken 0 (throw)
        2:   46-block  3
call    7 returned 2
branch  8 taken 0 (fallthrough)
branch  9 taken 2
    $$$$$:   46-block  4
call   10 never executed
branch 11 never executed
branch 12 never executed
    $$$$$:   46-block  5
call   13 never executed
branch 14 never executed
branch 15 never executed
    $$$$$:   46-block  6
call   16 never executed
branch 17 never executed
branch 18 never executed
    $$$$$:   46-block  7
call   19 never executed
branch 20 never executed
branch 21 never executed
    $$$$$:   46-block  8
call   22 never executed
branch 23 never executed
branch 24 never executed
    $$$$$:   46-block  9
call   25 never executed
branch 26 never executed
branch 27 never executed
    $$$$$:   46-block 10
call   28 never executed
branch 29 never executed
branch 30 never executed
    $$$$$:   46-block 11
call   31 never executed
branch 32 never executed
branch 33 never executed
    $$$$$:   46-block 12
unconditional 34 never executed
        2:   46-block 13
call   35 returned 2
branch 36 taken 2 (fallthrough)
branch 37 taken 0 (throw)
    %%%%%:   46-block 14
call   38 never executed
unconditional 39 never executed
    %%%%%:   46-block 15
call   40 never executed
unconditional 41 never executed
    %%%%%:   46-block 16
call   42 never executed
unconditional 43 never executed
    %%%%%:   46-block 17
call   44 never executed
unconditional 45 never executed
    %%%%%:   46-block 18
unconditional 46 never executed
        2:   47:	EXPECT_TRUE(pht->empty());
        2:   47-block  0
call    0 returned 2
branch  1 taken 2 (fallthrough)
branch  2 taken 0 (throw)
        2:   47-block  1
call    3 returned 2
branch  4 taken 2 (fallthrough)
branch  5 taken 0 (throw)
        2:   47-block  2
call    6 returned 2
branch  7 taken 0 (fallthrough)
branch  8 taken 2
    $$$$$:   47-block  3
call    9 never executed
branch 10 never executed
branch 11 never executed
    $$$$$:   47-block  4
call   12 never executed
branch 13 never executed
branch 14 never executed
    $$$$$:   47-block  5
call   15 never executed
branch 16 never executed
branch 17 never executed
    $$$$$:   47-block  6
call   18 never executed
branch 19 never executed
branch 20 never executed
    $$$$$:   47-block  7
call   21 never executed
branch 22 never executed
branch 23 never executed
    $$$$$:   47-block  8
call   24 never executed
branch 25 never executed
branch 26 never executed
    $$$$$:   47-block  9
call   27 never executed
branch 28 never executed
branch 29 never executed
    $$$$$:   47-block 10
call   30 never executed
branch 31 never executed
branch 32 never executed
    $$$$$:   47-block 11
unconditional 33 never executed
        2:   47-block 12
call   34 returned 2
branch 35 taken 2 (fallthrough)
branch 36 taken 0 (throw)
    %%%%%:   47-block 13
call   37 never executed
unconditional 38 never executed
    %%%%%:   47-block 14
call   39 never executed
unconditional 40 never executed
    %%%%%:   47-block 15
call   41 never executed
unconditional 42 never executed
    %%%%%:   47-block 16
call   43 never executed
unconditional 44 never executed
    %%%%%:   47-block 17
unconditional 45 never executed
        2:   48:	Value temp = {1, 1};
        2:   49:	pht->insert("qwe", temp);
        2:   49-block  0
call    0 returned 2
call    1 returned 2
branch  2 taken 2 (fallthrough)
branch  3 taken 0 (throw)
        2:   49-block  1
call    4 returned 2
branch  5 taken 2 (fallthrough)
branch  6 taken 0 (throw)
        2:   49-block  2
call    7 returned 2
branch  8 taken 2 (fallthrough)
branch  9 taken 0 (throw)
        2:   49-block  3
call   10 returned 2
    %%%%%:   49-block  4
call   11 never executed
unconditional 12 never executed
    %%%%%:   49-block  5
call   13 never executed
unconditional 14 never executed
        4:   50:	HashTable ht = *pht;
call    0 returned 2
branch  1 taken 2 (fallthrough)
branch  2 taken 0 (throw)
        2:   50-block  0
unconditional  3 taken 2
        2:   50-block  1
unconditional  4 taken 2
    $$$$$:   50-block  2
unconditional  5 never executed
        2:   50-block  3
unconditional  6 taken 2
    %%%%%:   50-block  4
call    7 never executed
unconditional  8 never executed
        2:   51:	ASSERT_FALSE(pht->getcapacity() <= 0);
        2:   51-block  0
call    0 returned 2
branch  1 taken 2 (fallthrough)
branch  2 taken 0 (throw)
        2:   51-block  1
call    3 returned 2
branch  4 taken 2 (fallthrough)
branch  5 taken 0 (throw)
        2:   51-block  2
call    6 returned 2
branch  7 taken 0 (fallthrough)
branch  8 taken 2
    $$$$$:   51-block  3
call    9 never executed
branch 10 never executed
branch 11 never executed
    $$$$$:   51-block  4
call   12 never executed
branch 13 never executed
branch 14 never executed
    $$$$$:   51-block  5
call   15 never executed
branch 16 never executed
branch 17 never executed
    $$$$$:   51-block  6
call   18 never executed
branch 19 never executed
branch 20 never executed
    $$$$$:   51-block  7
call   21 never executed
branch 22 never executed
branch 23 never executed
    $$$$$:   51-block  8
call   24 never executed
branch 25 never executed
branch 26 never executed
    $$$$$:   51-block  9
call   27 never executed
branch 28 never executed
branch 29 never executed
    $$$$$:   51-block 10
call   30 never executed
branch 31 never executed
branch 32 never executed
    $$$$$:   51-block 11
unconditional 33 never executed
        2:   51-block 12
unconditional 34 taken 2
        2:   51-block 13
call   35 returned 2
branch 36 taken 2 (fallthrough)
branch 37 taken 0 (throw)
        2:   51-block 14
branch 38 taken 2
branch 39 taken 0
        2:   51-block 15
unconditional 40 taken 2
    %%%%%:   51-block 16
call   41 never executed
unconditional 42 never executed
    %%%%%:   51-block 17
call   43 never executed
unconditional 44 never executed
    %%%%%:   51-block 18
call   45 never executed
unconditional 46 never executed
    %%%%%:   51-block 19
call   47 never executed
unconditional 48 never executed
    %%%%%:   51-block 20
unconditional 49 never executed
        2:   52:	EXPECT_FALSE(ht.empty());
        2:   52-block  0
call    0 returned 2
branch  1 taken 2 (fallthrough)
branch  2 taken 0 (throw)
    $$$$$:   52-block  1
unconditional  3 never executed
        2:   52-block  2
call    4 returned 2
branch  5 taken 2 (fallthrough)
branch  6 taken 0 (throw)
        2:   52-block  3
call    7 returned 2
branch  8 taken 0 (fallthrough)
branch  9 taken 2
    $$$$$:   52-block  4
call   10 never executed
branch 11 never executed
branch 12 never executed
    $$$$$:   52-block  5
call   13 never executed
branch 14 never executed
branch 15 never executed
    $$$$$:   52-block  6
call   16 never executed
branch 17 never executed
branch 18 never executed
    $$$$$:   52-block  7
call   19 never executed
branch 20 never executed
branch 21 never executed
    $$$$$:   52-block  8
call   22 never executed
branch 23 never executed
branch 24 never executed
    $$$$$:   52-block  9
call   25 never executed
branch 26 never executed
branch 27 never executed
    $$$$$:   52-block 10
call   28 never executed
branch 29 never executed
branch 30 never executed
    $$$$$:   52-block 11
call   31 never executed
branch 32 never executed
branch 33 never executed
    $$$$$:   52-block 12
unconditional 34 never executed
        2:   52-block 13
call   35 returned 2
branch 36 taken 2 (fallthrough)
branch 37 taken 0 (throw)
    %%%%%:   52-block 14
call   38 never executed
unconditional 39 never executed
    %%%%%:   52-block 15
call   40 never executed
unconditional 41 never executed
    %%%%%:   52-block 16
call   42 never executed
unconditional 43 never executed
    %%%%%:   52-block 17
call   44 never executed
unconditional 45 never executed
    %%%%%:   52-block 18
unconditional 46 never executed
        2:   53:	EXPECT_FALSE(pht->getsize() == 0);
        2:   53-block  0
call    0 returned 2
branch  1 taken 2 (fallthrough)
branch  2 taken 0 (throw)
        2:   53-block  1
call    3 returned 2
branch  4 taken 2 (fallthrough)
branch  5 taken 0 (throw)
        2:   53-block  2
call    6 returned 2
branch  7 taken 0 (fallthrough)
branch  8 taken 2
    $$$$$:   53-block  3
call    9 never executed
branch 10 never executed
branch 11 never executed
    $$$$$:   53-block  4
call   12 never executed
branch 13 never executed
branch 14 never executed
    $$$$$:   53-block  5
call   15 never executed
branch 16 never executed
branch 17 never executed
    $$$$$:   53-block  6
call   18 never executed
branch 19 never executed
branch 20 never executed
    $$$$$:   53-block  7
call   21 never executed
branch 22 never executed
branch 23 never executed
    $$$$$:   53-block  8
call   24 never executed
branch 25 never executed
branch 26 never executed
    $$$$$:   53-block  9
call   27 never executed
branch 28 never executed
branch 29 never executed
    $$$$$:   53-block 10
call   30 never executed
branch 31 never executed
branch 32 never executed
    $$$$$:   53-block 11
unconditional 33 never executed
        2:   53-block 12
call   34 returned 2
branch 35 taken 2 (fallthrough)
branch 36 taken 0 (throw)
    %%%%%:   53-block 13
call   37 never executed
unconditional 38 never executed
    %%%%%:   53-block 14
call   39 never executed
unconditional 40 never executed
    %%%%%:   53-block 15
call   41 never executed
unconditional 42 never executed
    %%%%%:   53-block 16
call   43 never executed
unconditional 44 never executed
    %%%%%:   53-block 17
unconditional 45 never executed
        2:   54:	ht.erase("qwe");
        2:   54-block  0
call    0 returned 2
call    1 returned 2
branch  2 taken 2 (fallthrough)
branch  3 taken 0 (throw)
        2:   54-block  1
call    4 returned 2
branch  5 taken 2 (fallthrough)
branch  6 taken 0 (throw)
        2:   54-block  2
call    7 returned 2
branch  8 taken 2 (fallthrough)
branch  9 taken 0 (throw)
        2:   54-block  3
call   10 returned 2
    %%%%%:   54-block  4
call   11 never executed
unconditional 12 never executed
    %%%%%:   54-block  5
call   13 never executed
unconditional 14 never executed
        2:   55:	EXPECT_TRUE(ht.empty());
call    0 returned 2
branch  1 taken 2 (fallthrough)
branch  2 taken 0 (throw)
        2:   55-block  0
call    3 returned 2
branch  4 taken 2 (fallthrough)
branch  5 taken 0 (throw)
        2:   55-block  1
call    6 returned 2
branch  7 taken 0 (fallthrough)
branch  8 taken 2
    $$$$$:   55-block  2
call    9 never executed
branch 10 never executed
branch 11 never executed
    $$$$$:   55-block  3
call   12 never executed
branch 13 never executed
branch 14 never executed
    $$$$$:   55-block  4
call   15 never executed
branch 16 never executed
branch 17 never executed
    $$$$$:   55-block  5
call   18 never executed
branch 19 never executed
branch 20 never executed
    $$$$$:   55-block  6
call   21 never executed
branch 22 never executed
branch 23 never executed
    $$$$$:   55-block  7
call   24 never executed
branch 25 never executed
branch 26 never executed
    $$$$$:   55-block  8
call   27 never executed
branch 28 never executed
branch 29 never executed
    $$$$$:   55-block  9
call   30 never executed
branch 31 never executed
branch 32 never executed
    $$$$$:   55-block 10
unconditional 33 never executed
        2:   55-block 11
call   34 returned 2
branch 35 taken 2 (fallthrough)
branch 36 taken 0 (throw)
    %%%%%:   55-block 12
call   37 never executed
unconditional 38 never executed
    %%%%%:   55-block 13
call   39 never executed
unconditional 40 never executed
    %%%%%:   55-block 14
call   41 never executed
unconditional 42 never executed
    %%%%%:   55-block 15
call   43 never executed
unconditional 44 never executed
    %%%%%:   55-block 16
unconditional 45 never executed
        2:   56:	delete pht;
        2:   56-block  0
branch  0 taken 2 (fallthrough)
branch  1 taken 0
        2:   56-block  1
call    2 returned 2
branch  3 taken 2 (fallthrough)
branch  4 taken 0 (throw)
        2:   56-block  2
call    5 returned 2
unconditional  6 taken 2
        2:   56-block  3
unconditional  7 taken 2
        2:   56-block  4
call    8 returned 2
branch  9 taken 2 (fallthrough)
branch 10 taken 0 (throw)
        2:   56-block  5
branch 11 taken 2
branch 12 taken 0
        -:   57:}
        -:   58:
function _ZN21HashTests_Insert_TestD0Ev called 2 returned 100% blocks executed 100%
function _ZN21HashTests_Insert_TestD1Ev called 2 returned 100% blocks executed 80%
function _ZN21HashTests_Insert_Test8TestBodyEv called 2 returned 100% blocks executed 29%
function _ZN21HashTests_Insert_TestC1Ev called 2 returned 100% blocks executed 100%
       14:   59:TEST (HashTests, Insert)
call    0 returned 2
call    1 returned 2
call    2 returned 2
call    3 returned 2
        2:   59-block  0
        2:   59-block  1
call    4 returned 2
call    5 returned 2
        2:   59-block  2
        2:   59-block  3
call    6 returned 2
branch  7 taken 2 (fallthrough)
branch  8 taken 0 (throw)
        2:   59-block  4
branch  9 taken 0 (fallthrough)
branch 10 taken 2
    $$$$$:   59-block  5
call   11 never executed
unconditional 12 never executed
        2:   59-block  6
unconditional 13 taken 2
        2:   59-block  7
        2:   59-block  8
        2:   59-block  9
call   14 returned 2
        -:   60:{
        4:   61:	HashTable ht;
        2:   61-block  0
call    0 returned 2
branch  1 taken 2 (fallthrough)
branch  2 taken 0 (throw)
        2:   61-block  1
call    3 returned 2
branch  4 taken 2 (fallthrough)
branch  5 taken 0 (throw)
    %%%%%:   61-block  2
call    6 never executed
unconditional  7 never executed
        2:   62:	Value temp = {1, 1};
        2:   63:	bool check = ht.insert("qwe", temp);
        2:   63-block  0
call    0 returned 2
call    1 returned 2
branch  2 taken 2 (fallthrough)
branch  3 taken 0 (throw)
        2:   63-block  1
call    4 returned 2
branch  5 taken 2 (fallthrough)
branch  6 taken 0 (throw)
        2:   63-block  2
call    7 returned 2
branch  8 taken 2 (fallthrough)
branch  9 taken 0 (throw)
        2:   63-block  3
call   10 returned 2
    %%%%%:   63-block  4
call   11 never executed
unconditional 12 never executed
    %%%%%:   63-block  5
call   13 never executed
unconditional 14 never executed
        2:   64:	EXPECT_TRUE(check);
call    0 returned 2
branch  1 taken 2 (fallthrough)
branch  2 taken 0 (throw)
        2:   64-block  0
call    3 returned 2
branch  4 taken 0 (fallthrough)
branch  5 taken 2
    $$$$$:   64-block  1
call    6 never executed
branch  7 never executed
branch  8 never executed
    $$$$$:   64-block  2
call    9 never executed
branch 10 never executed
branch 11 never executed
    $$$$$:   64-block  3
call   12 never executed
branch 13 never executed
branch 14 never executed
    $$$$$:   64-block  4
call   15 never executed
branch 16 never executed
branch 17 never executed
    $$$$$:   64-block  5
call   18 never executed
branch 19 never executed
branch 20 never executed
    $$$$$:   64-block  6
call   21 never executed
branch 22 never executed
branch 23 never executed
    $$$$$:   64-block  7
call   24 never executed
branch 25 never executed
branch 26 never executed
    $$$$$:   64-block  8
call   27 never executed
branch 28 never executed
branch 29 never executed
    $$$$$:   64-block  9
unconditional 30 never executed
        2:   64-block 10
call   31 returned 2
branch 32 taken 2 (fallthrough)
branch 33 taken 0 (throw)
    %%%%%:   64-block 11
call   34 never executed
unconditional 35 never executed
    %%%%%:   64-block 12
call   36 never executed
unconditional 37 never executed
    %%%%%:   64-block 13
call   38 never executed
unconditional 39 never executed
    %%%%%:   64-block 14
call   40 never executed
unconditional 41 never executed
    %%%%%:   64-block 15
unconditional 42 never executed
        2:   65:	EXPECT_FALSE(ht.empty());
        2:   65-block  0
call    0 returned 2
branch  1 taken 2 (fallthrough)
branch  2 taken 0 (throw)
        2:   65-block  1
call    3 returned 2
branch  4 taken 2 (fallthrough)
branch  5 taken 0 (throw)
        2:   65-block  2
call    6 returned 2
branch  7 taken 0 (fallthrough)
branch  8 taken 2
    $$$$$:   65-block  3
call    9 never executed
branch 10 never executed
branch 11 never executed
    $$$$$:   65-block  4
call   12 never executed
branch 13 never executed
branch 14 never executed
    $$$$$:   65-block  5
call   15 never executed
branch 16 never executed
branch 17 never executed
    $$$$$:   65-block  6
call   18 never executed
branch 19 never executed
branch 20 never executed
    $$$$$:   65-block  7
call   21 never executed
branch 22 never executed
branch 23 never executed
    $$$$$:   65-block  8
call   24 never executed
branch 25 never executed
branch 26 never executed
    $$$$$:   65-block  9
call   27 never executed
branch 28 never executed
branch 29 never executed
    $$$$$:   65-block 10
call   30 never executed
branch 31 never executed
branch 32 never executed
    $$$$$:   65-block 11
unconditional 33 never executed
        2:   65-block 12
call   34 returned 2
branch 35 taken 2 (fallthrough)
branch 36 taken 0 (throw)
    %%%%%:   65-block 13
call   37 never executed
unconditional 38 never executed
    %%%%%:   65-block 14
call   39 never executed
unconditional 40 never executed
    %%%%%:   65-block 15
call   41 never executed
unconditional 42 never executed
    %%%%%:   65-block 16
call   43 never executed
unconditional 44 never executed
    %%%%%:   65-block 17
unconditional 45 never executed
    %%%%%:   65-block 18
call   46 never executed
        2:   66:	EXPECT_TRUE(ht.search("qwe"));
        2:   66-block  0
call    0 returned 2
call    1 returned 2
branch  2 taken 2 (fallthrough)
branch  3 taken 0 (throw)
        2:   66-block  1
call    4 returned 2
branch  5 taken 2 (fallthrough)
branch  6 taken 0 (throw)
        2:   66-block  2
call    7 returned 2
branch  8 taken 2 (fallthrough)
branch  9 taken 0 (throw)
        2:   66-block  3
call   10 returned 2
branch 11 taken 2 (fallthrough)
branch 12 taken 0 (throw)
        2:   66-block  4
call   13 returned 2
call   14 returned 2
branch 15 taken 0 (fallthrough)
branch 16 taken 2
    $$$$$:   66-block  5
call   17 never executed
branch 18 never executed
branch 19 never executed
    $$$$$:   66-block  6
call   20 never executed
branch 21 never executed
branch 22 never executed
    $$$$$:   66-block  7
call   23 never executed
branch 24 never executed
branch 25 never executed
    $$$$$:   66-block  8
call   26 never executed
branch 27 never executed
branch 28 never executed
    $$$$$:   66-block  9
call   29 never executed
branch 30 never executed
branch 31 never executed
    $$$$$:   66-block 10
call   32 never executed
branch 33 never executed
branch 34 never executed
    $$$$$:   66-block 11
call   35 never executed
branch 36 never executed
branch 37 never executed
    $$$$$:   66-block 12
call   38 never executed
branch 39 never executed
branch 40 never executed
    $$$$$:   66-block 13
unconditional 41 never executed
        2:   66-block 14
call   42 returned 2
branch 43 taken 2 (fallthrough)
branch 44 taken 0 (throw)
unconditional 45 never executed
    %%%%%:   66-block 15
call   46 never executed
unconditional 47 never executed
    %%%%%:   66-block 16
call   48 never executed
unconditional 49 never executed
    %%%%%:   66-block 17
call   50 never executed
unconditional 51 never executed
    %%%%%:   66-block 18
call   52 never executed
unconditional 53 never executed
    %%%%%:   66-block 19
call   54 never executed
unconditional 55 never executed
    %%%%%:   66-block 20
call   56 never executed
unconditional 57 never executed
    %%%%%:   66-block 21
unconditional 58 never executed
        2:   67:	check = ht.insert("qwe", temp);
        2:   67-block  0
call    0 returned 2
call    1 returned 2
branch  2 taken 2 (fallthrough)
branch  3 taken 0 (throw)
        2:   67-block  1
call    4 returned 2
branch  5 taken 2 (fallthrough)
branch  6 taken 0 (throw)
        2:   67-block  2
call    7 returned 2
branch  8 taken 2 (fallthrough)
branch  9 taken 0 (throw)
        2:   67-block  3
call   10 returned 2
    %%%%%:   67-block  4
call   11 never executed
unconditional 12 never executed
    %%%%%:   67-block  5
call   13 never executed
unconditional 14 never executed
        2:   68:	EXPECT_FALSE(check);
call    0 returned 2
branch  1 taken 2 (fallthrough)
branch  2 taken 0 (throw)
        2:   68-block  0
call    3 returned 2
branch  4 taken 0 (fallthrough)
branch  5 taken 2
    $$$$$:   68-block  1
call    6 never executed
branch  7 never executed
branch  8 never executed
    $$$$$:   68-block  2
call    9 never executed
branch 10 never executed
branch 11 never executed
    $$$$$:   68-block  3
call   12 never executed
branch 13 never executed
branch 14 never executed
    $$$$$:   68-block  4
call   15 never executed
branch 16 never executed
branch 17 never executed
    $$$$$:   68-block  5
call   18 never executed
branch 19 never executed
branch 20 never executed
    $$$$$:   68-block  6
call   21 never executed
branch 22 never executed
branch 23 never executed
    $$$$$:   68-block  7
call   24 never executed
branch 25 never executed
branch 26 never executed
    $$$$$:   68-block  8
call   27 never executed
branch 28 never executed
branch 29 never executed
    $$$$$:   68-block  9
unconditional 30 never executed
        2:   68-block 10
call   31 returned 2
branch 32 taken 2 (fallthrough)
branch 33 taken 0 (throw)
    %%%%%:   68-block 11
call   34 never executed
unconditional 35 never executed
    %%%%%:   68-block 12
call   36 never executed
unconditional 37 never executed
    %%%%%:   68-block 13
call   38 never executed
unconditional 39 never executed
    %%%%%:   68-block 14
call   40 never executed
unconditional 41 never executed
    %%%%%:   68-block 15
unconditional 42 never executed
        2:   69:	check = ht.insert("abc", temp);
        2:   69-block  0
call    0 returned 2
call    1 returned 2
branch  2 taken 2 (fallthrough)
branch  3 taken 0 (throw)
        2:   69-block  1
call    4 returned 2
branch  5 taken 2 (fallthrough)
branch  6 taken 0 (throw)
        2:   69-block  2
call    7 returned 2
branch  8 taken 2 (fallthrough)
branch  9 taken 0 (throw)
        2:   69-block  3
call   10 returned 2
    %%%%%:   69-block  4
call   11 never executed
unconditional 12 never executed
    %%%%%:   69-block  5
call   13 never executed
unconditional 14 never executed
        2:   70:	EXPECT_TRUE(check);
call    0 returned 2
branch  1 taken 2 (fallthrough)
branch  2 taken 0 (throw)
        2:   70-block  0
call    3 returned 2
branch  4 taken 0 (fallthrough)
branch  5 taken 2
    $$$$$:   70-block  1
call    6 never executed
branch  7 never executed
branch  8 never executed
    $$$$$:   70-block  2
call    9 never executed
branch 10 never executed
branch 11 never executed
    $$$$$:   70-block  3
call   12 never executed
branch 13 never executed
branch 14 never executed
    $$$$$:   70-block  4
call   15 never executed
branch 16 never executed
branch 17 never executed
    $$$$$:   70-block  5
call   18 never executed
branch 19 never executed
branch 20 never executed
    $$$$$:   70-block  6
call   21 never executed
branch 22 never executed
branch 23 never executed
    $$$$$:   70-block  7
call   24 never executed
branch 25 never executed
branch 26 never executed
    $$$$$:   70-block  8
call   27 never executed
branch 28 never executed
branch 29 never executed
    $$$$$:   70-block  9
unconditional 30 never executed
        2:   70-block 10
call   31 returned 2
branch 32 taken 2 (fallthrough)
branch 33 taken 0 (throw)
    %%%%%:   70-block 11
call   34 never executed
unconditional 35 never executed
    %%%%%:   70-block 12
call   36 never executed
unconditional 37 never executed
    %%%%%:   70-block 13
call   38 never executed
unconditional 39 never executed
    %%%%%:   70-block 14
call   40 never executed
unconditional 41 never executed
    %%%%%:   70-block 15
unconditional 42 never executed
        -:   71:
        -:   72:	/*for (int i = 0; i < 50; ++i)
        -:   73:	{
        -:   74:		std::cout << "OK";
        -:   75:		std::string s;
        -:   76:		ht.insert(c, temp);
        -:   77:	}*/
        2:   78:}
        2:   78-block  0
unconditional  0 taken 2
        -:   79:
function _ZN22HashTests_IndexOp_TestD0Ev called 2 returned 100% blocks executed 100%
function _ZN22HashTests_IndexOp_TestD1Ev called 2 returned 100% blocks executed 80%
function _ZN22HashTests_IndexOp_Test8TestBodyEv called 2 returned 100% blocks executed 32%
function _ZN22HashTests_IndexOp_TestC1Ev called 2 returned 100% blocks executed 100%
       14:   80:TEST (HashTests, IndexOp)
call    0 returned 2
call    1 returned 2
call    2 returned 2
call    3 returned 2
        2:   80-block  0
        2:   80-block  1
call    4 returned 2
call    5 returned 2
        2:   80-block  2
        2:   80-block  3
call    6 returned 2
branch  7 taken 2 (fallthrough)
branch  8 taken 0 (throw)
        2:   80-block  4
branch  9 taken 0 (fallthrough)
branch 10 taken 2
    $$$$$:   80-block  5
call   11 never executed
unconditional 12 never executed
        2:   80-block  6
unconditional 13 taken 2
        2:   80-block  7
        2:   80-block  8
        2:   80-block  9
call   14 returned 2
        -:   81:{
        4:   82:	HashTable ht;
        2:   82-block  0
call    0 returned 2
branch  1 taken 2 (fallthrough)
branch  2 taken 0 (throw)
        2:   82-block  1
call    3 returned 2
branch  4 taken 2 (fallthrough)
branch  5 taken 0 (throw)
    %%%%%:   82-block  2
call    6 never executed
unconditional  7 never executed
        2:   83:	Value check = ht["qwe"];
        2:   83-block  0
call    0 returned 2
call    1 returned 2
branch  2 taken 2 (fallthrough)
branch  3 taken 0 (throw)
        2:   83-block  1
call    4 returned 2
branch  5 taken 2 (fallthrough)
branch  6 taken 0 (throw)
        2:   83-block  2
call    7 returned 2
branch  8 taken 2 (fallthrough)
branch  9 taken 0 (throw)
        2:   83-block  3
call   10 returned 2
    %%%%%:   83-block  4
call   11 never executed
unconditional 12 never executed
    %%%%%:   83-block  5
call   13 never executed
unconditional 14 never executed
        2:   84:	EXPECT_EQ(check.age, -1);
call    0 returned 2
branch  1 taken 2 (fallthrough)
branch  2 taken 0 (throw)
        2:   84-block  0
call    3 returned 2
branch  4 taken 0 (fallthrough)
branch  5 taken 2
    $$$$$:   84-block  1
call    6 never executed
branch  7 never executed
branch  8 never executed
    $$$$$:   84-block  2
call    9 never executed
branch 10 never executed
branch 11 never executed
    $$$$$:   84-block  3
call   12 never executed
branch 13 never executed
branch 14 never executed
    $$$$$:   84-block  4
call   15 never executed
branch 16 never executed
branch 17 never executed
    $$$$$:   84-block  5
call   18 never executed
branch 19 never executed
branch 20 never executed
    $$$$$:   84-block  6
call   21 never executed
branch 22 never executed
branch 23 never executed
    $$$$$:   84-block  7
unconditional 24 never executed
        2:   84-block  8
call   25 returned 2
branch 26 taken 2 (fallthrough)
branch 27 taken 0 (throw)
    %%%%%:   84-block  9
unconditional 28 never executed
    %%%%%:   84-block 10
call   29 never executed
unconditional 30 never executed
    %%%%%:   84-block 11
call   31 never executed
unconditional 32 never executed
    %%%%%:   84-block 12
call   33 never executed
unconditional 34 never executed
    %%%%%:   84-block 13
unconditional 35 never executed
        2:   85:	EXPECT_EQ(check.weight, -1);
        2:   85-block  0
call    0 returned 2
branch  1 taken 2 (fallthrough)
branch  2 taken 0 (throw)
        2:   85-block  1
call    3 returned 2
branch  4 taken 0 (fallthrough)
branch  5 taken 2
    $$$$$:   85-block  2
call    6 never executed
branch  7 never executed
branch  8 never executed
    $$$$$:   85-block  3
call    9 never executed
branch 10 never executed
branch 11 never executed
    $$$$$:   85-block  4
call   12 never executed
branch 13 never executed
branch 14 never executed
    $$$$$:   85-block  5
call   15 never executed
branch 16 never executed
branch 17 never executed
    $$$$$:   85-block  6
call   18 never executed
branch 19 never executed
branch 20 never executed
    $$$$$:   85-block  7
call   21 never executed
branch 22 never executed
branch 23 never executed
    $$$$$:   85-block  8
unconditional 24 never executed
        2:   85-block  9
call   25 returned 2
branch 26 taken 2 (fallthrough)
branch 27 taken 0 (throw)
    %%%%%:   85-block 10
unconditional 28 never executed
    %%%%%:   85-block 11
call   29 never executed
unconditional 30 never executed
    %%%%%:   85-block 12
call   31 never executed
unconditional 32 never executed
    %%%%%:   85-block 13
call   33 never executed
unconditional 34 never executed
    %%%%%:   85-block 14
unconditional 35 never executed
        2:   86:	Value temp = {1, 1};
        2:   87:	ht.insert("qwe", temp);
        2:   87-block  0
call    0 returned 2
call    1 returned 2
branch  2 taken 2 (fallthrough)
branch  3 taken 0 (throw)
        2:   87-block  1
call    4 returned 2
branch  5 taken 2 (fallthrough)
branch  6 taken 0 (throw)
        2:   87-block  2
call    7 returned 2
branch  8 taken 2 (fallthrough)
branch  9 taken 0 (throw)
        2:   87-block  3
call   10 returned 2
    %%%%%:   87-block  4
call   11 never executed
unconditional 12 never executed
    %%%%%:   87-block  5
call   13 never executed
unconditional 14 never executed
        2:   88:	check = ht["qwe"];
call    0 returned 2
call    1 returned 2
branch  2 taken 2 (fallthrough)
branch  3 taken 0 (throw)
        2:   88-block  0
call    4 returned 2
branch  5 taken 2 (fallthrough)
branch  6 taken 0 (throw)
        2:   88-block  1
call    7 returned 2
branch  8 taken 2 (fallthrough)
branch  9 taken 0 (throw)
        2:   88-block  2
call   10 returned 2
    %%%%%:   88-block  3
call   11 never executed
unconditional 12 never executed
    %%%%%:   88-block  4
call   13 never executed
unconditional 14 never executed
        2:   89:	EXPECT_NE(check.age, -1);
call    0 returned 2
branch  1 taken 2 (fallthrough)
branch  2 taken 0 (throw)
        2:   89-block  0
call    3 returned 2
branch  4 taken 0 (fallthrough)
branch  5 taken 2
    $$$$$:   89-block  1
call    6 never executed
branch  7 never executed
branch  8 never executed
    $$$$$:   89-block  2
call    9 never executed
branch 10 never executed
branch 11 never executed
    $$$$$:   89-block  3
call   12 never executed
branch 13 never executed
branch 14 never executed
    $$$$$:   89-block  4
call   15 never executed
branch 16 never executed
branch 17 never executed
    $$$$$:   89-block  5
call   18 never executed
branch 19 never executed
branch 20 never executed
    $$$$$:   89-block  6
call   21 never executed
branch 22 never executed
branch 23 never executed
    $$$$$:   89-block  7
unconditional 24 never executed
        2:   89-block  8
call   25 returned 2
branch 26 taken 2 (fallthrough)
branch 27 taken 0 (throw)
    %%%%%:   89-block  9
unconditional 28 never executed
    %%%%%:   89-block 10
call   29 never executed
unconditional 30 never executed
    %%%%%:   89-block 11
call   31 never executed
unconditional 32 never executed
    %%%%%:   89-block 12
call   33 never executed
unconditional 34 never executed
    %%%%%:   89-block 13
unconditional 35 never executed
        2:   90:	EXPECT_NE(check.weight, -1);
        2:   90-block  0
call    0 returned 2
branch  1 taken 2 (fallthrough)
branch  2 taken 0 (throw)
        2:   90-block  1
call    3 returned 2
branch  4 taken 0 (fallthrough)
branch  5 taken 2
    $$$$$:   90-block  2
call    6 never executed
branch  7 never executed
branch  8 never executed
    $$$$$:   90-block  3
call    9 never executed
branch 10 never executed
branch 11 never executed
    $$$$$:   90-block  4
call   12 never executed
branch 13 never executed
branch 14 never executed
    $$$$$:   90-block  5
call   15 never executed
branch 16 never executed
branch 17 never executed
    $$$$$:   90-block  6
call   18 never executed
branch 19 never executed
branch 20 never executed
    $$$$$:   90-block  7
call   21 never executed
branch 22 never executed
branch 23 never executed
    $$$$$:   90-block  8
unconditional 24 never executed
        2:   90-block  9
call   25 returned 2
branch 26 taken 2 (fallthrough)
branch 27 taken 0 (throw)
    %%%%%:   90-block 10
unconditional 28 never executed
    %%%%%:   90-block 11
call   29 never executed
unconditional 30 never executed
    %%%%%:   90-block 12
call   31 never executed
unconditional 32 never executed
    %%%%%:   90-block 13
call   33 never executed
unconditional 34 never executed
    %%%%%:   90-block 14
unconditional 35 never executed
        2:   91:}
        2:   91-block  0
unconditional  0 taken 2
        -:   92:
function _ZN22HashTests_ConstAt_TestD0Ev called 2 returned 100% blocks executed 100%
function _ZN22HashTests_ConstAt_TestD1Ev called 2 returned 100% blocks executed 80%
function _ZN22HashTests_ConstAt_Test8TestBodyEv called 2 returned 100% blocks executed 57%
function _ZN22HashTests_ConstAt_TestC1Ev called 2 returned 100% blocks executed 100%
       14:   93:TEST (HashTests, ConstAt)
call    0 returned 2
call    1 returned 2
call    2 returned 2
call    3 returned 2
        2:   93-block  0
        2:   93-block  1
call    4 returned 2
call    5 returned 2
        2:   93-block  2
        2:   93-block  3
call    6 returned 2
branch  7 taken 2 (fallthrough)
branch  8 taken 0 (throw)
        2:   93-block  4
branch  9 taken 0 (fallthrough)
branch 10 taken 2
    $$$$$:   93-block  5
call   11 never executed
unconditional 12 never executed
        2:   93-block  6
unconditional 13 taken 2
        2:   93-block  7
        2:   93-block  8
        2:   93-block  9
call   14 returned 2
        -:   94:{
        4:   95:	HashTable ht;
        2:   95-block  0
call    0 returned 2
branch  1 taken 2 (fallthrough)
branch  2 taken 0 (throw)
        2:   95-block  1
call    3 returned 2
branch  4 taken 2 (fallthrough)
branch  5 taken 0 (throw)
    %%%%%:   95-block  2
call    6 never executed
unconditional  7 never executed
        2:   96:	const Value temp = {1, 1};
        2:   97:	ht.insert("qwe", temp);
        2:   97-block  0
call    0 returned 2
call    1 returned 2
branch  2 taken 2 (fallthrough)
branch  3 taken 0 (throw)
        2:   97-block  1
call    4 returned 2
branch  5 taken 2 (fallthrough)
branch  6 taken 0 (throw)
        2:   97-block  2
call    7 returned 2
branch  8 taken 2 (fallthrough)
branch  9 taken 0 (throw)
        2:   97-block  3
call   10 returned 2
    %%%%%:   97-block  4
call   11 never executed
unconditional 12 never executed
    %%%%%:   97-block  5
call   13 never executed
unconditional 14 never executed
        4:   98:	const HashTable ht2 = ht;
call    0 returned 2
branch  1 taken 2 (fallthrough)
branch  2 taken 0 (throw)
call    3 returned 2
branch  4 taken 2 (fallthrough)
branch  5 taken 0 (throw)
    %%%%%:   98-block  0
call    6 never executed
unconditional  7 never executed
        2:   99:	Value check = ht2.at("qwe");
        2:   99-block  0
call    0 returned 2
call    1 returned 2
branch  2 taken 2 (fallthrough)
branch  3 taken 0 (throw)
        2:   99-block  1
call    4 returned 2
branch  5 taken 2 (fallthrough)
branch  6 taken 0 (throw)
        2:   99-block  2
call    7 returned 2
branch  8 taken 2 (fallthrough)
branch  9 taken 0 (throw)
        2:   99-block  3
call   10 returned 2
    %%%%%:   99-block  4
call   11 never executed
unconditional 12 never executed
    %%%%%:   99-block  5
call   13 never executed
unconditional 14 never executed
        2:  100:	check.age = 0;
        2:  101:}
        2:  101-block  0
unconditional  0 taken 2
        -:  102:
function _ZN17HashTests_At_TestD0Ev called 2 returned 100% blocks executed 100%
function _ZN17HashTests_At_TestD1Ev called 2 returned 100% blocks executed 80%
function _ZN17HashTests_At_Test8TestBodyEv called 2 returned 100% blocks executed 52%
function _ZN17HashTests_At_TestC1Ev called 2 returned 100% blocks executed 100%
       14:  103:TEST (HashTests, At)
call    0 returned 2
call    1 returned 2
call    2 returned 2
call    3 returned 2
unconditional  4 taken 2
        2:  103-block  0
        2:  103-block  1
call    5 returned 2
call    6 returned 2
        2:  103-block  2
        2:  103-block  3
call    7 returned 2
branch  8 taken 2 (fallthrough)
branch  9 taken 0 (throw)
        2:  103-block  4
branch 10 taken 0 (fallthrough)
branch 11 taken 2
    $$$$$:  103-block  5
call   12 never executed
unconditional 13 never executed
        2:  103-block  6
unconditional 14 taken 2
        2:  103-block  7
        2:  103-block  8
        2:  103-block  9
call   15 returned 2
        -:  104:{
        4:  105:	HashTable ht;
        2:  105-block  0
call    0 returned 2
branch  1 taken 2 (fallthrough)
branch  2 taken 0 (throw)
    $$$$$:  105-block  1
unconditional  3 never executed
    $$$$$:  105-block  2
unconditional  4 never executed
        2:  105-block  3
unconditional  5 taken 2
        2:  105-block  4
unconditional  6 taken 2
    %%%%%:  105-block  5
call    7 never executed
unconditional  8 never executed
        2:  106:	const Value temp = {1, 1};
        2:  107:	ht.insert("qwe", temp);
        2:  107-block  0
call    0 returned 2
call    1 returned 2
branch  2 taken 2 (fallthrough)
branch  3 taken 0 (throw)
        2:  107-block  1
call    4 returned 2
branch  5 taken 2 (fallthrough)
branch  6 taken 0 (throw)
        2:  107-block  2
call    7 returned 2
branch  8 taken 2 (fallthrough)
branch  9 taken 0 (throw)
        2:  107-block  3
call   10 returned 2
    %%%%%:  107-block  4
call   11 never executed
unconditional 12 never executed
    %%%%%:  107-block  5
call   13 never executed
unconditional 14 never executed
        -:  108:	try
        -:  109:  	{
        2:  110:    	Value ep = ht.at("qwe");
call    0 returned 2
call    1 returned 2
branch  2 taken 2 (fallthrough)
branch  3 taken 0 (throw)
        2:  110-block  0
call    4 returned 2
branch  5 taken 2 (fallthrough)
branch  6 taken 0 (throw)
        2:  110-block  1
call    7 returned 2
branch  8 taken 2 (fallthrough)
branch  9 taken 0 (throw)
        2:  110-block  2
call   10 returned 2
    %%%%%:  110-block  3
call   11 never executed
unconditional 12 never executed
    %%%%%:  110-block  4
call   13 never executed
unconditional 14 never executed
    %%%%%:  110-block  5
unconditional 15 never executed
    %%%%%:  110-block  6
branch 16 never executed
branch 17 never executed
    %%%%%:  110-block  7
unconditional 18 never executed
        -:  111:  	}
    =====:  112:  	catch(int a)
    %%%%%:  112-block  0
call    0 never executed
    %%%%%:  112-block  1
call    1 never executed
unconditional  2 never executed
    %%%%%:  112-block  2
call    3 never executed
unconditional  4 never executed
        -:  113:  	{
    =====:  114:    	cout << "Caught exception number:  " << a << endl;
call    0 never executed
branch  1 never executed
branch  2 never executed
    %%%%%:  114-block  0
call    3 never executed
branch  4 never executed
branch  5 never executed
    %%%%%:  114-block  1
call    6 never executed
branch  7 never executed
branch  8 never executed
    =====:  115:    	return;
    %%%%%:  115-block  0
unconditional  0 never executed
        -:  116:  	}
        2:  117:  	cout << "No exception detected" << endl;
call    0 returned 2
branch  1 taken 2 (fallthrough)
branch  2 taken 0 (throw)
        2:  117-block  0
call    3 returned 2
branch  4 taken 2 (fallthrough)
branch  5 taken 0 (throw)
        2:  118:	ht.erase("qwe");
        2:  118-block  0
call    0 returned 2
call    1 returned 2
branch  2 taken 2 (fallthrough)
branch  3 taken 0 (throw)
        2:  118-block  1
call    4 returned 2
branch  5 taken 2 (fallthrough)
branch  6 taken 0 (throw)
        2:  118-block  2
call    7 returned 2
branch  8 taken 2 (fallthrough)
branch  9 taken 0 (throw)
        2:  118-block  3
call   10 returned 2
    %%%%%:  118-block  4
call   11 never executed
unconditional 12 never executed
    %%%%%:  118-block  5
call   13 never executed
unconditional 14 never executed
        -:  119:	try
        -:  120:  	{
        2:  121:    	Value ep = ht.at("qwe");
call    0 returned 2
call    1 returned 2
branch  2 taken 2 (fallthrough)
branch  3 taken 0 (throw)
        2:  121-block  0
call    4 returned 2
branch  5 taken 0 (fallthrough)
branch  6 taken 2 (throw)
    $$$$$:  121-block  1
call    7 never executed
branch  8 never executed
branch  9 never executed
    $$$$$:  121-block  2
call   10 never executed
        2:  121-block  3
call   11 returned 2
unconditional 12 taken 2
        2:  121-block  4
call   13 returned 2
unconditional 14 taken 2
        2:  121-block  5
unconditional 15 taken 2
        2:  121-block  6
branch 16 taken 0 (fallthrough)
branch 17 taken 2
    %%%%%:  121-block  7
unconditional 18 never executed
        -:  122:  	}
        4:  123:  	catch(int a)
        2:  123-block  0
call    0 returned 2
        2:  123-block  1
call    1 returned 2
unconditional  2 taken 2
    %%%%%:  123-block  2
call    3 never executed
unconditional  4 never executed
        -:  124:  	{
        2:  125:    	cout << "Caught exception number:  " << a << endl;
call    0 returned 2
branch  1 taken 2 (fallthrough)
branch  2 taken 0 (throw)
        2:  125-block  0
call    3 returned 2
branch  4 taken 2 (fallthrough)
branch  5 taken 0 (throw)
        2:  125-block  1
call    6 returned 2
branch  7 taken 2 (fallthrough)
branch  8 taken 0 (throw)
        2:  126:    	return;
        2:  126-block  0
unconditional  0 taken 2
        -:  127:  	}
        2:  128:  	cout << "No exception detected" << endl;
call    0 never executed
branch  1 never executed
branch  2 never executed
    $$$$$:  128-block  0
call    3 never executed
branch  4 never executed
branch  5 never executed
    $$$$$:  128-block  1
unconditional  6 never executed
        2:  128-block  2
call    7 returned 2
branch  8 taken 2 (fallthrough)
branch  9 taken 0 (throw)
        2:  128-block  3
branch 10 taken 0
branch 11 taken 2
function _GLOBAL__sub_I__ZN25HashTests_EqualityOp_Test10test_info_E called 2 returned 100% blocks executed 100%
function _Z41__static_initialization_and_destruction_0ii called 2 returned 100% blocks executed 100%
        8:  129:}
        2:  129-block  0
        2:  129-block  1
call    0 returned 2
        2:  129-block  2
        2:  129-block  3
branch  1 taken 2 (fallthrough)
branch  2 taken 0
        2:  129-block  4
branch  3 taken 2 (fallthrough)
branch  4 taken 0
