        -:    0:Source:tests.cpp
        -:    0:Programs:4
        -:    1:#include <iostream>
        -:    2:#include <fstream>
        -:    3:#include <string>
        -:    4:#include "include/gtest/gtest.h"
        -:    5:#include "hash.h"
        -:    6:
        -:    7://g++ -Lgtestbuild -I./include tests.cpp main.cpp input.cpp hash.cpp -lgtest
        -:    8: 
function _ZN25HashTests_EqualityOp_TestD0Ev called 1 returned 100% blocks executed 100%
function _ZN25HashTests_EqualityOp_TestD1Ev called 1 returned 100% blocks executed 80%
function _ZN25HashTests_EqualityOp_Test8TestBodyEv called 1 returned 100% blocks executed 33%
function _ZN25HashTests_EqualityOp_TestC1Ev called 1 returned 100% blocks executed 100%
        7:    9:TEST (HashTests, EqualityOp)
call    0 returned 1
call    1 returned 1
call    2 returned 1
call    3 returned 1
        1:    9-block  0
        1:    9-block  1
call    4 returned 1
call    5 returned 1
        1:    9-block  2
        1:    9-block  3
call    6 returned 1
branch  7 taken 1 (fallthrough)
branch  8 taken 0 (throw)
        1:    9-block  4
branch  9 taken 0 (fallthrough)
branch 10 taken 1
    $$$$$:    9-block  5
call   11 never executed
unconditional 12 never executed
        1:    9-block  6
unconditional 13 taken 1
        1:    9-block  7
        1:    9-block  8
        1:    9-block  9
call   14 returned 1
        -:   10:{
        2:   11:	HashTable ht1;
        1:   11-block  0
call    0 returned 1
branch  1 taken 1 (fallthrough)
branch  2 taken 0 (throw)
        1:   11-block  1
call    3 returned 1
branch  4 taken 1 (fallthrough)
branch  5 taken 0 (throw)
    %%%%%:   11-block  2
call    6 never executed
unconditional  7 never executed
        2:   12:	HashTable ht2;
        1:   12-block  0
call    0 returned 1
branch  1 taken 1 (fallthrough)
branch  2 taken 0 (throw)
        1:   12-block  1
call    3 returned 1
branch  4 taken 1 (fallthrough)
branch  5 taken 0 (throw)
    %%%%%:   12-block  2
call    6 never executed
unconditional  7 never executed
        1:   13:	EXPECT_TRUE(ht1 == ht2);
        1:   13-block  0
call    0 returned 1
branch  1 taken 1 (fallthrough)
branch  2 taken 0 (throw)
        1:   13-block  1
call    3 returned 1
branch  4 taken 1 (fallthrough)
branch  5 taken 0 (throw)
        1:   13-block  2
call    6 returned 1
branch  7 taken 0 (fallthrough)
branch  8 taken 1
    $$$$$:   13-block  3
call    9 never executed
branch 10 never executed
branch 11 never executed
    $$$$$:   13-block  4
call   12 never executed
branch 13 never executed
branch 14 never executed
    $$$$$:   13-block  5
call   15 never executed
branch 16 never executed
branch 17 never executed
    $$$$$:   13-block  6
call   18 never executed
branch 19 never executed
branch 20 never executed
    $$$$$:   13-block  7
call   21 never executed
branch 22 never executed
branch 23 never executed
    $$$$$:   13-block  8
call   24 never executed
branch 25 never executed
branch 26 never executed
    $$$$$:   13-block  9
call   27 never executed
branch 28 never executed
branch 29 never executed
    $$$$$:   13-block 10
call   30 never executed
branch 31 never executed
branch 32 never executed
    $$$$$:   13-block 11
unconditional 33 never executed
        1:   13-block 12
call   34 returned 1
branch 35 taken 1 (fallthrough)
branch 36 taken 0 (throw)
    %%%%%:   13-block 13
call   37 never executed
unconditional 38 never executed
    %%%%%:   13-block 14
call   39 never executed
unconditional 40 never executed
    %%%%%:   13-block 15
call   41 never executed
unconditional 42 never executed
    %%%%%:   13-block 16
call   43 never executed
unconditional 44 never executed
    %%%%%:   13-block 17
unconditional 45 never executed
        1:   14:	Value temp1 = {1, 1};
        1:   15:	ht1.insert("qwe", temp1);
        1:   15-block  0
call    0 returned 1
call    1 returned 1
branch  2 taken 1 (fallthrough)
branch  3 taken 0 (throw)
        1:   15-block  1
call    4 returned 1
branch  5 taken 1 (fallthrough)
branch  6 taken 0 (throw)
        1:   15-block  2
call    7 returned 1
branch  8 taken 1 (fallthrough)
branch  9 taken 0 (throw)
        1:   15-block  3
call   10 returned 1
    %%%%%:   15-block  4
call   11 never executed
unconditional 12 never executed
    %%%%%:   15-block  5
call   13 never executed
unconditional 14 never executed
        1:   16:	ht2.insert("qwe", temp1);
call    0 returned 1
call    1 returned 1
branch  2 taken 1 (fallthrough)
branch  3 taken 0 (throw)
        1:   16-block  0
call    4 returned 1
branch  5 taken 1 (fallthrough)
branch  6 taken 0 (throw)
        1:   16-block  1
call    7 returned 1
branch  8 taken 1 (fallthrough)
branch  9 taken 0 (throw)
        1:   16-block  2
call   10 returned 1
    %%%%%:   16-block  3
call   11 never executed
unconditional 12 never executed
    %%%%%:   16-block  4
call   13 never executed
unconditional 14 never executed
        1:   17:	EXPECT_TRUE(ht1 == ht2);
call    0 returned 1
branch  1 taken 1 (fallthrough)
branch  2 taken 0 (throw)
        1:   17-block  0
call    3 returned 1
branch  4 taken 1 (fallthrough)
branch  5 taken 0 (throw)
        1:   17-block  1
call    6 returned 1
branch  7 taken 0 (fallthrough)
branch  8 taken 1
    $$$$$:   17-block  2
call    9 never executed
branch 10 never executed
branch 11 never executed
    $$$$$:   17-block  3
call   12 never executed
branch 13 never executed
branch 14 never executed
    $$$$$:   17-block  4
call   15 never executed
branch 16 never executed
branch 17 never executed
    $$$$$:   17-block  5
call   18 never executed
branch 19 never executed
branch 20 never executed
    $$$$$:   17-block  6
call   21 never executed
branch 22 never executed
branch 23 never executed
    $$$$$:   17-block  7
call   24 never executed
branch 25 never executed
branch 26 never executed
    $$$$$:   17-block  8
call   27 never executed
branch 28 never executed
branch 29 never executed
    $$$$$:   17-block  9
call   30 never executed
branch 31 never executed
branch 32 never executed
    $$$$$:   17-block 10
unconditional 33 never executed
        1:   17-block 11
call   34 returned 1
branch 35 taken 1 (fallthrough)
branch 36 taken 0 (throw)
    %%%%%:   17-block 12
call   37 never executed
unconditional 38 never executed
    %%%%%:   17-block 13
call   39 never executed
unconditional 40 never executed
    %%%%%:   17-block 14
call   41 never executed
unconditional 42 never executed
    %%%%%:   17-block 15
call   43 never executed
unconditional 44 never executed
    %%%%%:   17-block 16
unconditional 45 never executed
        1:   18:	ht1.insert("asd", temp1);
        1:   18-block  0
call    0 returned 1
call    1 returned 1
branch  2 taken 1 (fallthrough)
branch  3 taken 0 (throw)
        1:   18-block  1
call    4 returned 1
branch  5 taken 1 (fallthrough)
branch  6 taken 0 (throw)
        1:   18-block  2
call    7 returned 1
branch  8 taken 1 (fallthrough)
branch  9 taken 0 (throw)
        1:   18-block  3
call   10 returned 1
    %%%%%:   18-block  4
call   11 never executed
unconditional 12 never executed
    %%%%%:   18-block  5
call   13 never executed
unconditional 14 never executed
        1:   19:	ht2.insert("zxc", temp1);
call    0 returned 1
call    1 returned 1
branch  2 taken 1 (fallthrough)
branch  3 taken 0 (throw)
        1:   19-block  0
call    4 returned 1
branch  5 taken 1 (fallthrough)
branch  6 taken 0 (throw)
        1:   19-block  1
call    7 returned 1
branch  8 taken 1 (fallthrough)
branch  9 taken 0 (throw)
        1:   19-block  2
call   10 returned 1
    %%%%%:   19-block  3
call   11 never executed
unconditional 12 never executed
    %%%%%:   19-block  4
call   13 never executed
unconditional 14 never executed
        1:   20:	EXPECT_TRUE(ht1 != ht2);
call    0 returned 1
branch  1 taken 1 (fallthrough)
branch  2 taken 0 (throw)
        1:   20-block  0
call    3 returned 1
branch  4 taken 1 (fallthrough)
branch  5 taken 0 (throw)
        1:   20-block  1
call    6 returned 1
branch  7 taken 0 (fallthrough)
branch  8 taken 1
    $$$$$:   20-block  2
call    9 never executed
branch 10 never executed
branch 11 never executed
    $$$$$:   20-block  3
call   12 never executed
branch 13 never executed
branch 14 never executed
    $$$$$:   20-block  4
call   15 never executed
branch 16 never executed
branch 17 never executed
    $$$$$:   20-block  5
call   18 never executed
branch 19 never executed
branch 20 never executed
    $$$$$:   20-block  6
call   21 never executed
branch 22 never executed
branch 23 never executed
    $$$$$:   20-block  7
call   24 never executed
branch 25 never executed
branch 26 never executed
    $$$$$:   20-block  8
call   27 never executed
branch 28 never executed
branch 29 never executed
    $$$$$:   20-block  9
call   30 never executed
branch 31 never executed
branch 32 never executed
    $$$$$:   20-block 10
unconditional 33 never executed
        1:   20-block 11
call   34 returned 1
branch 35 taken 1 (fallthrough)
branch 36 taken 0 (throw)
    %%%%%:   20-block 12
call   37 never executed
unconditional 38 never executed
    %%%%%:   20-block 13
call   39 never executed
unconditional 40 never executed
    %%%%%:   20-block 14
call   41 never executed
unconditional 42 never executed
    %%%%%:   20-block 15
call   43 never executed
unconditional 44 never executed
    %%%%%:   20-block 16
unconditional 45 never executed
        1:   21:	EXPECT_FALSE(ht1 == ht2);
        1:   21-block  0
call    0 returned 1
branch  1 taken 1 (fallthrough)
branch  2 taken 0 (throw)
        1:   21-block  1
call    3 returned 1
branch  4 taken 1 (fallthrough)
branch  5 taken 0 (throw)
        1:   21-block  2
call    6 returned 1
branch  7 taken 0 (fallthrough)
branch  8 taken 1
    $$$$$:   21-block  3
call    9 never executed
branch 10 never executed
branch 11 never executed
    $$$$$:   21-block  4
call   12 never executed
branch 13 never executed
branch 14 never executed
    $$$$$:   21-block  5
call   15 never executed
branch 16 never executed
branch 17 never executed
    $$$$$:   21-block  6
call   18 never executed
branch 19 never executed
branch 20 never executed
    $$$$$:   21-block  7
call   21 never executed
branch 22 never executed
branch 23 never executed
    $$$$$:   21-block  8
call   24 never executed
branch 25 never executed
branch 26 never executed
    $$$$$:   21-block  9
call   27 never executed
branch 28 never executed
branch 29 never executed
    $$$$$:   21-block 10
call   30 never executed
branch 31 never executed
branch 32 never executed
    $$$$$:   21-block 11
unconditional 33 never executed
        1:   21-block 12
call   34 returned 1
branch 35 taken 1 (fallthrough)
branch 36 taken 0 (throw)
    %%%%%:   21-block 13
call   37 never executed
unconditional 38 never executed
    %%%%%:   21-block 14
call   39 never executed
unconditional 40 never executed
    %%%%%:   21-block 15
call   41 never executed
unconditional 42 never executed
    %%%%%:   21-block 16
call   43 never executed
unconditional 44 never executed
    %%%%%:   21-block 17
unconditional 45 never executed
        1:   22:}
        1:   22-block  0
unconditional  0 taken 1
        -:   23:
function _ZN20HashTests_Erase_TestD0Ev called 1 returned 100% blocks executed 100%
function _ZN20HashTests_Erase_TestD1Ev called 1 returned 100% blocks executed 80%
function _ZN20HashTests_Erase_Test8TestBodyEv called 1 returned 100% blocks executed 34%
function _ZN20HashTests_Erase_TestC1Ev called 1 returned 100% blocks executed 100%
        7:   24:TEST (HashTests, Erase)
call    0 returned 1
call    1 returned 1
call    2 returned 1
call    3 returned 1
        1:   24-block  0
        1:   24-block  1
call    4 returned 1
call    5 returned 1
        1:   24-block  2
        1:   24-block  3
call    6 returned 1
branch  7 taken 1 (fallthrough)
branch  8 taken 0 (throw)
        1:   24-block  4
branch  9 taken 0 (fallthrough)
branch 10 taken 1
    $$$$$:   24-block  5
call   11 never executed
unconditional 12 never executed
        1:   24-block  6
unconditional 13 taken 1
        1:   24-block  7
        1:   24-block  8
        1:   24-block  9
call   14 returned 1
        -:   25:{
        2:   26:	HashTable ht;
        1:   26-block  0
call    0 returned 1
branch  1 taken 1 (fallthrough)
branch  2 taken 0 (throw)
        1:   26-block  1
unconditional  3 taken 1
        1:   26-block  2
unconditional  4 taken 1
    $$$$$:   26-block  3
unconditional  5 never executed
        1:   26-block  4
unconditional  6 taken 1
    %%%%%:   26-block  5
call    7 never executed
unconditional  8 never executed
        1:   27:	Value temp = {1, 1};
        1:   28:	ht.insert("qwe", temp);
        1:   28-block  0
call    0 returned 1
call    1 returned 1
branch  2 taken 1 (fallthrough)
branch  3 taken 0 (throw)
        1:   28-block  1
call    4 returned 1
branch  5 taken 1 (fallthrough)
branch  6 taken 0 (throw)
        1:   28-block  2
call    7 returned 1
branch  8 taken 1 (fallthrough)
branch  9 taken 0 (throw)
        1:   28-block  3
call   10 returned 1
    %%%%%:   28-block  4
call   11 never executed
unconditional 12 never executed
    %%%%%:   28-block  5
call   13 never executed
unconditional 14 never executed
        1:   29:	ASSERT_FALSE(ht.empty());
call    0 returned 1
branch  1 taken 1 (fallthrough)
branch  2 taken 0 (throw)
        1:   29-block  0
call    3 returned 1
branch  4 taken 1 (fallthrough)
branch  5 taken 0 (throw)
        1:   29-block  1
call    6 returned 1
branch  7 taken 0 (fallthrough)
branch  8 taken 1
    $$$$$:   29-block  2
call    9 never executed
branch 10 never executed
branch 11 never executed
    $$$$$:   29-block  3
call   12 never executed
branch 13 never executed
branch 14 never executed
    $$$$$:   29-block  4
call   15 never executed
branch 16 never executed
branch 17 never executed
    $$$$$:   29-block  5
call   18 never executed
branch 19 never executed
branch 20 never executed
    $$$$$:   29-block  6
call   21 never executed
branch 22 never executed
branch 23 never executed
    $$$$$:   29-block  7
call   24 never executed
branch 25 never executed
branch 26 never executed
    $$$$$:   29-block  8
call   27 never executed
branch 28 never executed
branch 29 never executed
    $$$$$:   29-block  9
call   30 never executed
branch 31 never executed
branch 32 never executed
    $$$$$:   29-block 10
unconditional 33 never executed
        1:   29-block 11
unconditional 34 taken 1
        1:   29-block 12
call   35 returned 1
branch 36 taken 1 (fallthrough)
branch 37 taken 0 (throw)
        1:   29-block 13
branch 38 taken 1
branch 39 taken 0
        1:   29-block 14
unconditional 40 taken 1
    %%%%%:   29-block 15
call   41 never executed
unconditional 42 never executed
    %%%%%:   29-block 16
call   43 never executed
unconditional 44 never executed
    %%%%%:   29-block 17
call   45 never executed
unconditional 46 never executed
    %%%%%:   29-block 18
call   47 never executed
unconditional 48 never executed
    %%%%%:   29-block 19
unconditional 49 never executed
    %%%%%:   29-block 20
call   50 never executed
        1:   30:	EXPECT_TRUE(ht.search("qwe"));
        1:   30-block  0
call    0 returned 1
call    1 returned 1
branch  2 taken 1 (fallthrough)
branch  3 taken 0 (throw)
    $$$$$:   30-block  1
unconditional  4 never executed
        1:   30-block  2
call    5 returned 1
branch  6 taken 1 (fallthrough)
branch  7 taken 0 (throw)
        1:   30-block  3
call    8 returned 1
branch  9 taken 1 (fallthrough)
branch 10 taken 0 (throw)
        1:   30-block  4
call   11 returned 1
branch 12 taken 1 (fallthrough)
branch 13 taken 0 (throw)
        1:   30-block  5
call   14 returned 1
call   15 returned 1
branch 16 taken 0 (fallthrough)
branch 17 taken 1
    $$$$$:   30-block  6
call   18 never executed
branch 19 never executed
branch 20 never executed
    $$$$$:   30-block  7
call   21 never executed
branch 22 never executed
branch 23 never executed
    $$$$$:   30-block  8
call   24 never executed
branch 25 never executed
branch 26 never executed
    $$$$$:   30-block  9
call   27 never executed
branch 28 never executed
branch 29 never executed
    $$$$$:   30-block 10
call   30 never executed
branch 31 never executed
branch 32 never executed
    $$$$$:   30-block 11
call   33 never executed
branch 34 never executed
branch 35 never executed
    $$$$$:   30-block 12
call   36 never executed
branch 37 never executed
branch 38 never executed
    $$$$$:   30-block 13
call   39 never executed
branch 40 never executed
branch 41 never executed
    $$$$$:   30-block 14
unconditional 42 never executed
        1:   30-block 15
call   43 returned 1
branch 44 taken 1 (fallthrough)
branch 45 taken 0 (throw)
unconditional 46 never executed
    %%%%%:   30-block 16
call   47 never executed
unconditional 48 never executed
    %%%%%:   30-block 17
call   49 never executed
unconditional 50 never executed
    %%%%%:   30-block 18
call   51 never executed
unconditional 52 never executed
    %%%%%:   30-block 19
call   53 never executed
unconditional 54 never executed
    %%%%%:   30-block 20
call   55 never executed
unconditional 56 never executed
    %%%%%:   30-block 21
call   57 never executed
unconditional 58 never executed
    %%%%%:   30-block 22
unconditional 59 never executed
        1:   31:	ht.erase("qwe");
        1:   31-block  0
call    0 returned 1
call    1 returned 1
branch  2 taken 1 (fallthrough)
branch  3 taken 0 (throw)
        1:   31-block  1
call    4 returned 1
branch  5 taken 1 (fallthrough)
branch  6 taken 0 (throw)
        1:   31-block  2
call    7 returned 1
branch  8 taken 1 (fallthrough)
branch  9 taken 0 (throw)
        1:   31-block  3
call   10 returned 1
    %%%%%:   31-block  4
call   11 never executed
unconditional 12 never executed
    %%%%%:   31-block  5
call   13 never executed
unconditional 14 never executed
        1:   32:	EXPECT_TRUE(ht.empty());
call    0 returned 1
branch  1 taken 1 (fallthrough)
branch  2 taken 0 (throw)
        1:   32-block  0
call    3 returned 1
branch  4 taken 1 (fallthrough)
branch  5 taken 0 (throw)
        1:   32-block  1
call    6 returned 1
branch  7 taken 0 (fallthrough)
branch  8 taken 1
    $$$$$:   32-block  2
call    9 never executed
branch 10 never executed
branch 11 never executed
    $$$$$:   32-block  3
call   12 never executed
branch 13 never executed
branch 14 never executed
    $$$$$:   32-block  4
call   15 never executed
branch 16 never executed
branch 17 never executed
    $$$$$:   32-block  5
call   18 never executed
branch 19 never executed
branch 20 never executed
    $$$$$:   32-block  6
call   21 never executed
branch 22 never executed
branch 23 never executed
    $$$$$:   32-block  7
call   24 never executed
branch 25 never executed
branch 26 never executed
    $$$$$:   32-block  8
call   27 never executed
branch 28 never executed
branch 29 never executed
    $$$$$:   32-block  9
call   30 never executed
branch 31 never executed
branch 32 never executed
    $$$$$:   32-block 10
unconditional 33 never executed
        1:   32-block 11
call   34 returned 1
branch 35 taken 1 (fallthrough)
branch 36 taken 0 (throw)
    %%%%%:   32-block 12
call   37 never executed
unconditional 38 never executed
    %%%%%:   32-block 13
call   39 never executed
unconditional 40 never executed
    %%%%%:   32-block 14
call   41 never executed
unconditional 42 never executed
    %%%%%:   32-block 15
call   43 never executed
unconditional 44 never executed
    %%%%%:   32-block 16
unconditional 45 never executed
    %%%%%:   32-block 17
call   46 never executed
        1:   33:	EXPECT_FALSE(ht.search("qwe"));
        1:   33-block  0
call    0 returned 1
call    1 returned 1
branch  2 taken 1 (fallthrough)
branch  3 taken 0 (throw)
        1:   33-block  1
call    4 returned 1
branch  5 taken 1 (fallthrough)
branch  6 taken 0 (throw)
        1:   33-block  2
call    7 returned 1
branch  8 taken 1 (fallthrough)
branch  9 taken 0 (throw)
        1:   33-block  3
call   10 returned 1
branch 11 taken 1 (fallthrough)
branch 12 taken 0 (throw)
        1:   33-block  4
call   13 returned 1
call   14 returned 1
branch 15 taken 0 (fallthrough)
branch 16 taken 1
    $$$$$:   33-block  5
call   17 never executed
branch 18 never executed
branch 19 never executed
    $$$$$:   33-block  6
call   20 never executed
branch 21 never executed
branch 22 never executed
    $$$$$:   33-block  7
call   23 never executed
branch 24 never executed
branch 25 never executed
    $$$$$:   33-block  8
call   26 never executed
branch 27 never executed
branch 28 never executed
    $$$$$:   33-block  9
call   29 never executed
branch 30 never executed
branch 31 never executed
    $$$$$:   33-block 10
call   32 never executed
branch 33 never executed
branch 34 never executed
    $$$$$:   33-block 11
call   35 never executed
branch 36 never executed
branch 37 never executed
    $$$$$:   33-block 12
call   38 never executed
branch 39 never executed
branch 40 never executed
    $$$$$:   33-block 13
unconditional 41 never executed
        1:   33-block 14
call   42 returned 1
branch 43 taken 1 (fallthrough)
branch 44 taken 0 (throw)
        1:   33-block 15
unconditional 45 taken 1
        1:   33-block 16
call   46 returned 1
branch 47 taken 1 (fallthrough)
branch 48 taken 0 (throw)
        1:   33-block 17
branch 49 taken 1
branch 50 taken 0
unconditional 51 never executed
    %%%%%:   33-block 18
call   52 never executed
unconditional 53 never executed
    %%%%%:   33-block 19
call   54 never executed
unconditional 55 never executed
    %%%%%:   33-block 20
call   56 never executed
unconditional 57 never executed
    %%%%%:   33-block 21
call   58 never executed
unconditional 59 never executed
    %%%%%:   33-block 22
call   60 never executed
unconditional 61 never executed
    %%%%%:   33-block 23
call   62 never executed
unconditional 63 never executed
    %%%%%:   33-block 24
unconditional 64 never executed
        -:   34:}
        -:   35:
function _ZN22HashTests_GetHash_TestD0Ev called 1 returned 100% blocks executed 100%
function _ZN22HashTests_GetHash_TestD1Ev called 1 returned 100% blocks executed 80%
function _ZN22HashTests_GetHash_Test8TestBodyEv called 1 returned 100% blocks executed 41%
function _ZN22HashTests_GetHash_TestC1Ev called 1 returned 100% blocks executed 100%
        7:   36:TEST (HashTests, GetHash)
call    0 returned 1
call    1 returned 1
call    2 returned 1
call    3 returned 1
        1:   36-block  0
        1:   36-block  1
call    4 returned 1
call    5 returned 1
        1:   36-block  2
        1:   36-block  3
call    6 returned 1
branch  7 taken 1 (fallthrough)
branch  8 taken 0 (throw)
        1:   36-block  4
branch  9 taken 0 (fallthrough)
branch 10 taken 1
    $$$$$:   36-block  5
call   11 never executed
unconditional 12 never executed
        1:   36-block  6
unconditional 13 taken 1
        1:   36-block  7
        1:   36-block  8
        1:   36-block  9
call   14 returned 1
        -:   37:{
        2:   38:	Key k = "eargaergvaefvawevajjjjjjjjjjjjjjjjjjjjjjjjjjjjjjjjjjjjjjjjjjjjjjjjjjjjjjjjjjjjjkjhkjguyfcytcttt1777777777777777777wefwavwfevawefawefvavregvtgvarvgawevef";
        1:   38-block  0
call    0 returned 1
call    1 returned 1
branch  2 taken 1 (fallthrough)
branch  3 taken 0 (throw)
        1:   38-block  1
call    4 returned 1
        1:   38-block  2
unconditional  5 taken 1
        1:   38-block  3
unconditional  6 taken 1
    $$$$$:   38-block  4
unconditional  7 never executed
        1:   38-block  5
unconditional  8 taken 1
    %%%%%:   38-block  6
call    9 never executed
unconditional 10 never executed
    %%%%%:   38-block  7
call   11 never executed
unconditional 12 never executed
        2:   39:	HashTable ht;
call    0 returned 1
branch  1 taken 1 (fallthrough)
branch  2 taken 0 (throw)
        1:   39-block  0
unconditional  3 taken 1
    $$$$$:   39-block  1
unconditional  4 never executed
        1:   39-block  2
unconditional  5 taken 1
        1:   39-block  3
call    6 returned 1
branch  7 taken 1 (fallthrough)
branch  8 taken 0 (throw)
        1:   39-block  4
branch  9 taken 1
branch 10 taken 0
    %%%%%:   39-block  5
call   11 never executed
unconditional 12 never executed
        1:   40:	int hash = ht.gethash(k);
        1:   40-block  0
call    0 returned 1
branch  1 taken 1 (fallthrough)
branch  2 taken 0 (throw)
        1:   40-block  1
call    3 returned 1
branch  4 taken 1 (fallthrough)
branch  5 taken 0 (throw)
        1:   40-block  2
call    6 returned 1
branch  7 taken 1 (fallthrough)
branch  8 taken 0 (throw)
    %%%%%:   40-block  3
call    9 never executed
unconditional 10 never executed
        1:   41:	ASSERT_FALSE(hash < 0);
        1:   41-block  0
call    0 returned 1
branch  1 taken 1 (fallthrough)
branch  2 taken 0 (throw)
        1:   41-block  1
call    3 returned 1
branch  4 taken 0 (fallthrough)
branch  5 taken 1
    $$$$$:   41-block  2
call    6 never executed
branch  7 never executed
branch  8 never executed
    $$$$$:   41-block  3
call    9 never executed
branch 10 never executed
branch 11 never executed
    $$$$$:   41-block  4
call   12 never executed
branch 13 never executed
branch 14 never executed
    $$$$$:   41-block  5
call   15 never executed
branch 16 never executed
branch 17 never executed
    $$$$$:   41-block  6
call   18 never executed
branch 19 never executed
branch 20 never executed
    $$$$$:   41-block  7
call   21 never executed
branch 22 never executed
branch 23 never executed
    $$$$$:   41-block  8
call   24 never executed
branch 25 never executed
branch 26 never executed
    $$$$$:   41-block  9
call   27 never executed
branch 28 never executed
branch 29 never executed
    $$$$$:   41-block 10
unconditional 30 never executed
        1:   41-block 11
unconditional 31 taken 1
        1:   41-block 12
call   32 returned 1
branch 33 taken 1 (fallthrough)
branch 34 taken 0 (throw)
        1:   41-block 13
branch 35 taken 1
branch 36 taken 0
        1:   41-block 14
unconditional 37 taken 1
    %%%%%:   41-block 15
call   38 never executed
unconditional 39 never executed
    %%%%%:   41-block 16
call   40 never executed
unconditional 41 never executed
    %%%%%:   41-block 17
call   42 never executed
unconditional 43 never executed
    %%%%%:   41-block 18
call   44 never executed
unconditional 45 never executed
    %%%%%:   41-block 19
unconditional 46 never executed
        1:   42:	ASSERT_FALSE(hash >= ht.getcapacity());
        1:   42-block  0
call    0 returned 1
branch  1 taken 1 (fallthrough)
branch  2 taken 0 (throw)
    $$$$$:   42-block  1
unconditional  3 never executed
        1:   42-block  2
call    4 returned 1
branch  5 taken 1 (fallthrough)
branch  6 taken 0 (throw)
        1:   42-block  3
call    7 returned 1
branch  8 taken 0 (fallthrough)
branch  9 taken 1
    $$$$$:   42-block  4
call   10 never executed
branch 11 never executed
branch 12 never executed
    $$$$$:   42-block  5
call   13 never executed
branch 14 never executed
branch 15 never executed
    $$$$$:   42-block  6
call   16 never executed
branch 17 never executed
branch 18 never executed
    $$$$$:   42-block  7
call   19 never executed
branch 20 never executed
branch 21 never executed
    $$$$$:   42-block  8
call   22 never executed
branch 23 never executed
branch 24 never executed
    $$$$$:   42-block  9
call   25 never executed
branch 26 never executed
branch 27 never executed
    $$$$$:   42-block 10
call   28 never executed
branch 29 never executed
branch 30 never executed
    $$$$$:   42-block 11
call   31 never executed
branch 32 never executed
branch 33 never executed
    $$$$$:   42-block 12
unconditional 34 never executed
        1:   42-block 13
unconditional 35 taken 1
        1:   42-block 14
call   36 returned 1
branch 37 taken 1 (fallthrough)
branch 38 taken 0 (throw)
        1:   42-block 15
branch 39 taken 1
branch 40 taken 0
        1:   42-block 16
unconditional 41 taken 1
        1:   42-block 17
unconditional 42 taken 1
    $$$$$:   42-block 18
unconditional 43 never executed
        1:   42-block 19
call   44 returned 1
branch 45 taken 1 (fallthrough)
branch 46 taken 0 (throw)
        1:   42-block 20
branch 47 taken 1
branch 48 taken 0
    %%%%%:   42-block 21
call   49 never executed
unconditional 50 never executed
    %%%%%:   42-block 22
call   51 never executed
unconditional 52 never executed
    %%%%%:   42-block 23
call   53 never executed
unconditional 54 never executed
    %%%%%:   42-block 24
call   55 never executed
unconditional 56 never executed
    %%%%%:   42-block 25
unconditional 57 never executed
        -:   43:}
        -:   44:
function _ZN26HashTests_Constructor_TestD0Ev called 1 returned 100% blocks executed 100%
function _ZN26HashTests_Constructor_TestD1Ev called 1 returned 100% blocks executed 80%
function _ZN26HashTests_Constructor_Test8TestBodyEv called 1 returned 100% blocks executed 31%
function _ZN26HashTests_Constructor_TestC1Ev called 1 returned 100% blocks executed 100%
        7:   45:TEST (HashTests, Constructor)
call    0 returned 1
call    1 returned 1
call    2 returned 1
call    3 returned 1
        1:   45-block  0
        1:   45-block  1
call    4 returned 1
call    5 returned 1
        1:   45-block  2
        1:   45-block  3
call    6 returned 1
branch  7 taken 1 (fallthrough)
branch  8 taken 0 (throw)
        1:   45-block  4
branch  9 taken 0 (fallthrough)
branch 10 taken 1
    $$$$$:   45-block  5
call   11 never executed
unconditional 12 never executed
        1:   45-block  6
unconditional 13 taken 1
        1:   45-block  7
        1:   45-block  8
        1:   45-block  9
call   14 returned 1
        -:   46:{
        1:   47:	HashTable * pht = new HashTable;
        1:   47-block  0
call    0 returned 1
branch  1 taken 1 (fallthrough)
branch  2 taken 0 (throw)
        1:   47-block  1
call    3 returned 1
branch  4 taken 1 (fallthrough)
branch  5 taken 0 (throw)
    %%%%%:   47-block  2
call    6 never executed
unconditional  7 never executed
        1:   48:	ASSERT_FALSE(pht->getcapacity() <= 0);
        1:   48-block  0
call    0 returned 1
branch  1 taken 1 (fallthrough)
branch  2 taken 0 (throw)
        1:   48-block  1
call    3 returned 1
branch  4 taken 1 (fallthrough)
branch  5 taken 0 (throw)
        1:   48-block  2
call    6 returned 1
branch  7 taken 0 (fallthrough)
branch  8 taken 1
    $$$$$:   48-block  3
call    9 never executed
branch 10 never executed
branch 11 never executed
    $$$$$:   48-block  4
call   12 never executed
branch 13 never executed
branch 14 never executed
    $$$$$:   48-block  5
call   15 never executed
branch 16 never executed
branch 17 never executed
    $$$$$:   48-block  6
call   18 never executed
branch 19 never executed
branch 20 never executed
    $$$$$:   48-block  7
call   21 never executed
branch 22 never executed
branch 23 never executed
    $$$$$:   48-block  8
call   24 never executed
branch 25 never executed
branch 26 never executed
    $$$$$:   48-block  9
call   27 never executed
branch 28 never executed
branch 29 never executed
    $$$$$:   48-block 10
call   30 never executed
branch 31 never executed
branch 32 never executed
    $$$$$:   48-block 11
unconditional 33 never executed
        1:   48-block 12
unconditional 34 taken 1
        1:   48-block 13
call   35 returned 1
branch 36 taken 1 (fallthrough)
branch 37 taken 0 (throw)
        1:   48-block 14
branch 38 taken 1
branch 39 taken 0
        1:   48-block 15
unconditional 40 taken 1
    %%%%%:   48-block 16
call   41 never executed
unconditional 42 never executed
    %%%%%:   48-block 17
call   43 never executed
unconditional 44 never executed
    %%%%%:   48-block 18
call   45 never executed
unconditional 46 never executed
    %%%%%:   48-block 19
call   47 never executed
unconditional 48 never executed
    %%%%%:   48-block 20
unconditional 49 never executed
        1:   49:	EXPECT_TRUE(pht->getsize() == 0);
        1:   49-block  0
call    0 returned 1
branch  1 taken 1 (fallthrough)
branch  2 taken 0 (throw)
    $$$$$:   49-block  1
unconditional  3 never executed
        1:   49-block  2
call    4 returned 1
branch  5 taken 1 (fallthrough)
branch  6 taken 0 (throw)
        1:   49-block  3
call    7 returned 1
branch  8 taken 0 (fallthrough)
branch  9 taken 1
    $$$$$:   49-block  4
call   10 never executed
branch 11 never executed
branch 12 never executed
    $$$$$:   49-block  5
call   13 never executed
branch 14 never executed
branch 15 never executed
    $$$$$:   49-block  6
call   16 never executed
branch 17 never executed
branch 18 never executed
    $$$$$:   49-block  7
call   19 never executed
branch 20 never executed
branch 21 never executed
    $$$$$:   49-block  8
call   22 never executed
branch 23 never executed
branch 24 never executed
    $$$$$:   49-block  9
call   25 never executed
branch 26 never executed
branch 27 never executed
    $$$$$:   49-block 10
call   28 never executed
branch 29 never executed
branch 30 never executed
    $$$$$:   49-block 11
call   31 never executed
branch 32 never executed
branch 33 never executed
    $$$$$:   49-block 12
unconditional 34 never executed
        1:   49-block 13
call   35 returned 1
branch 36 taken 1 (fallthrough)
branch 37 taken 0 (throw)
    %%%%%:   49-block 14
call   38 never executed
unconditional 39 never executed
    %%%%%:   49-block 15
call   40 never executed
unconditional 41 never executed
    %%%%%:   49-block 16
call   42 never executed
unconditional 43 never executed
    %%%%%:   49-block 17
call   44 never executed
unconditional 45 never executed
    %%%%%:   49-block 18
unconditional 46 never executed
        1:   50:	EXPECT_TRUE(pht->empty());
        1:   50-block  0
call    0 returned 1
branch  1 taken 1 (fallthrough)
branch  2 taken 0 (throw)
        1:   50-block  1
call    3 returned 1
branch  4 taken 1 (fallthrough)
branch  5 taken 0 (throw)
        1:   50-block  2
call    6 returned 1
branch  7 taken 0 (fallthrough)
branch  8 taken 1
    $$$$$:   50-block  3
call    9 never executed
branch 10 never executed
branch 11 never executed
    $$$$$:   50-block  4
call   12 never executed
branch 13 never executed
branch 14 never executed
    $$$$$:   50-block  5
call   15 never executed
branch 16 never executed
branch 17 never executed
    $$$$$:   50-block  6
call   18 never executed
branch 19 never executed
branch 20 never executed
    $$$$$:   50-block  7
call   21 never executed
branch 22 never executed
branch 23 never executed
    $$$$$:   50-block  8
call   24 never executed
branch 25 never executed
branch 26 never executed
    $$$$$:   50-block  9
call   27 never executed
branch 28 never executed
branch 29 never executed
    $$$$$:   50-block 10
call   30 never executed
branch 31 never executed
branch 32 never executed
    $$$$$:   50-block 11
unconditional 33 never executed
        1:   50-block 12
call   34 returned 1
branch 35 taken 1 (fallthrough)
branch 36 taken 0 (throw)
    %%%%%:   50-block 13
call   37 never executed
unconditional 38 never executed
    %%%%%:   50-block 14
call   39 never executed
unconditional 40 never executed
    %%%%%:   50-block 15
call   41 never executed
unconditional 42 never executed
    %%%%%:   50-block 16
call   43 never executed
unconditional 44 never executed
    %%%%%:   50-block 17
unconditional 45 never executed
        1:   51:	Value temp = {1, 1};
        1:   52:	pht->insert("qwe", temp);
        1:   52-block  0
call    0 returned 1
call    1 returned 1
branch  2 taken 1 (fallthrough)
branch  3 taken 0 (throw)
        1:   52-block  1
call    4 returned 1
branch  5 taken 1 (fallthrough)
branch  6 taken 0 (throw)
        1:   52-block  2
call    7 returned 1
branch  8 taken 1 (fallthrough)
branch  9 taken 0 (throw)
        1:   52-block  3
call   10 returned 1
    %%%%%:   52-block  4
call   11 never executed
unconditional 12 never executed
    %%%%%:   52-block  5
call   13 never executed
unconditional 14 never executed
        2:   53:	HashTable ht = *pht;
call    0 returned 1
branch  1 taken 1 (fallthrough)
branch  2 taken 0 (throw)
        1:   53-block  0
unconditional  3 taken 1
        1:   53-block  1
unconditional  4 taken 1
    $$$$$:   53-block  2
unconditional  5 never executed
        1:   53-block  3
unconditional  6 taken 1
    %%%%%:   53-block  4
call    7 never executed
unconditional  8 never executed
        1:   54:	ASSERT_FALSE(pht->getcapacity() <= 0);
        1:   54-block  0
call    0 returned 1
branch  1 taken 1 (fallthrough)
branch  2 taken 0 (throw)
        1:   54-block  1
call    3 returned 1
branch  4 taken 1 (fallthrough)
branch  5 taken 0 (throw)
        1:   54-block  2
call    6 returned 1
branch  7 taken 0 (fallthrough)
branch  8 taken 1
    $$$$$:   54-block  3
call    9 never executed
branch 10 never executed
branch 11 never executed
    $$$$$:   54-block  4
call   12 never executed
branch 13 never executed
branch 14 never executed
    $$$$$:   54-block  5
call   15 never executed
branch 16 never executed
branch 17 never executed
    $$$$$:   54-block  6
call   18 never executed
branch 19 never executed
branch 20 never executed
    $$$$$:   54-block  7
call   21 never executed
branch 22 never executed
branch 23 never executed
    $$$$$:   54-block  8
call   24 never executed
branch 25 never executed
branch 26 never executed
    $$$$$:   54-block  9
call   27 never executed
branch 28 never executed
branch 29 never executed
    $$$$$:   54-block 10
call   30 never executed
branch 31 never executed
branch 32 never executed
    $$$$$:   54-block 11
unconditional 33 never executed
        1:   54-block 12
unconditional 34 taken 1
        1:   54-block 13
call   35 returned 1
branch 36 taken 1 (fallthrough)
branch 37 taken 0 (throw)
        1:   54-block 14
branch 38 taken 1
branch 39 taken 0
        1:   54-block 15
unconditional 40 taken 1
    %%%%%:   54-block 16
call   41 never executed
unconditional 42 never executed
    %%%%%:   54-block 17
call   43 never executed
unconditional 44 never executed
    %%%%%:   54-block 18
call   45 never executed
unconditional 46 never executed
    %%%%%:   54-block 19
call   47 never executed
unconditional 48 never executed
    %%%%%:   54-block 20
unconditional 49 never executed
        1:   55:	EXPECT_FALSE(ht.empty());
        1:   55-block  0
call    0 returned 1
branch  1 taken 1 (fallthrough)
branch  2 taken 0 (throw)
    $$$$$:   55-block  1
unconditional  3 never executed
        1:   55-block  2
call    4 returned 1
branch  5 taken 1 (fallthrough)
branch  6 taken 0 (throw)
        1:   55-block  3
call    7 returned 1
branch  8 taken 0 (fallthrough)
branch  9 taken 1
    $$$$$:   55-block  4
call   10 never executed
branch 11 never executed
branch 12 never executed
    $$$$$:   55-block  5
call   13 never executed
branch 14 never executed
branch 15 never executed
    $$$$$:   55-block  6
call   16 never executed
branch 17 never executed
branch 18 never executed
    $$$$$:   55-block  7
call   19 never executed
branch 20 never executed
branch 21 never executed
    $$$$$:   55-block  8
call   22 never executed
branch 23 never executed
branch 24 never executed
    $$$$$:   55-block  9
call   25 never executed
branch 26 never executed
branch 27 never executed
    $$$$$:   55-block 10
call   28 never executed
branch 29 never executed
branch 30 never executed
    $$$$$:   55-block 11
call   31 never executed
branch 32 never executed
branch 33 never executed
    $$$$$:   55-block 12
unconditional 34 never executed
        1:   55-block 13
call   35 returned 1
branch 36 taken 1 (fallthrough)
branch 37 taken 0 (throw)
    %%%%%:   55-block 14
call   38 never executed
unconditional 39 never executed
    %%%%%:   55-block 15
call   40 never executed
unconditional 41 never executed
    %%%%%:   55-block 16
call   42 never executed
unconditional 43 never executed
    %%%%%:   55-block 17
call   44 never executed
unconditional 45 never executed
    %%%%%:   55-block 18
unconditional 46 never executed
        1:   56:	EXPECT_FALSE(pht->getsize() == 0);
        1:   56-block  0
call    0 returned 1
branch  1 taken 1 (fallthrough)
branch  2 taken 0 (throw)
        1:   56-block  1
call    3 returned 1
branch  4 taken 1 (fallthrough)
branch  5 taken 0 (throw)
        1:   56-block  2
call    6 returned 1
branch  7 taken 0 (fallthrough)
branch  8 taken 1
    $$$$$:   56-block  3
call    9 never executed
branch 10 never executed
branch 11 never executed
    $$$$$:   56-block  4
call   12 never executed
branch 13 never executed
branch 14 never executed
    $$$$$:   56-block  5
call   15 never executed
branch 16 never executed
branch 17 never executed
    $$$$$:   56-block  6
call   18 never executed
branch 19 never executed
branch 20 never executed
    $$$$$:   56-block  7
call   21 never executed
branch 22 never executed
branch 23 never executed
    $$$$$:   56-block  8
call   24 never executed
branch 25 never executed
branch 26 never executed
    $$$$$:   56-block  9
call   27 never executed
branch 28 never executed
branch 29 never executed
    $$$$$:   56-block 10
call   30 never executed
branch 31 never executed
branch 32 never executed
    $$$$$:   56-block 11
unconditional 33 never executed
        1:   56-block 12
call   34 returned 1
branch 35 taken 1 (fallthrough)
branch 36 taken 0 (throw)
    %%%%%:   56-block 13
call   37 never executed
unconditional 38 never executed
    %%%%%:   56-block 14
call   39 never executed
unconditional 40 never executed
    %%%%%:   56-block 15
call   41 never executed
unconditional 42 never executed
    %%%%%:   56-block 16
call   43 never executed
unconditional 44 never executed
    %%%%%:   56-block 17
unconditional 45 never executed
        1:   57:	ht.erase("qwe");
        1:   57-block  0
call    0 returned 1
call    1 returned 1
branch  2 taken 1 (fallthrough)
branch  3 taken 0 (throw)
        1:   57-block  1
call    4 returned 1
branch  5 taken 1 (fallthrough)
branch  6 taken 0 (throw)
        1:   57-block  2
call    7 returned 1
branch  8 taken 1 (fallthrough)
branch  9 taken 0 (throw)
        1:   57-block  3
call   10 returned 1
    %%%%%:   57-block  4
call   11 never executed
unconditional 12 never executed
    %%%%%:   57-block  5
call   13 never executed
unconditional 14 never executed
        1:   58:	EXPECT_TRUE(ht.empty());
call    0 returned 1
branch  1 taken 1 (fallthrough)
branch  2 taken 0 (throw)
        1:   58-block  0
call    3 returned 1
branch  4 taken 1 (fallthrough)
branch  5 taken 0 (throw)
        1:   58-block  1
call    6 returned 1
branch  7 taken 0 (fallthrough)
branch  8 taken 1
    $$$$$:   58-block  2
call    9 never executed
branch 10 never executed
branch 11 never executed
    $$$$$:   58-block  3
call   12 never executed
branch 13 never executed
branch 14 never executed
    $$$$$:   58-block  4
call   15 never executed
branch 16 never executed
branch 17 never executed
    $$$$$:   58-block  5
call   18 never executed
branch 19 never executed
branch 20 never executed
    $$$$$:   58-block  6
call   21 never executed
branch 22 never executed
branch 23 never executed
    $$$$$:   58-block  7
call   24 never executed
branch 25 never executed
branch 26 never executed
    $$$$$:   58-block  8
call   27 never executed
branch 28 never executed
branch 29 never executed
    $$$$$:   58-block  9
call   30 never executed
branch 31 never executed
branch 32 never executed
    $$$$$:   58-block 10
unconditional 33 never executed
        1:   58-block 11
call   34 returned 1
branch 35 taken 1 (fallthrough)
branch 36 taken 0 (throw)
    %%%%%:   58-block 12
call   37 never executed
unconditional 38 never executed
    %%%%%:   58-block 13
call   39 never executed
unconditional 40 never executed
    %%%%%:   58-block 14
call   41 never executed
unconditional 42 never executed
    %%%%%:   58-block 15
call   43 never executed
unconditional 44 never executed
    %%%%%:   58-block 16
unconditional 45 never executed
        1:   59:	delete pht;
        1:   59-block  0
branch  0 taken 1 (fallthrough)
branch  1 taken 0
        1:   59-block  1
call    2 returned 1
branch  3 taken 1 (fallthrough)
branch  4 taken 0 (throw)
        1:   59-block  2
call    5 returned 1
unconditional  6 taken 1
        1:   59-block  3
unconditional  7 taken 1
        1:   59-block  4
call    8 returned 1
branch  9 taken 1 (fallthrough)
branch 10 taken 0 (throw)
        1:   59-block  5
branch 11 taken 1
branch 12 taken 0
        -:   60:}
        -:   61:
function _ZN21HashTests_Insert_TestD0Ev called 1 returned 100% blocks executed 100%
function _ZN21HashTests_Insert_TestD1Ev called 1 returned 100% blocks executed 80%
function _ZN21HashTests_Insert_Test8TestBodyEv called 1 returned 100% blocks executed 29%
function _ZN21HashTests_Insert_TestC1Ev called 1 returned 100% blocks executed 100%
        7:   62:TEST (HashTests, Insert)
call    0 returned 1
call    1 returned 1
call    2 returned 1
call    3 returned 1
        1:   62-block  0
        1:   62-block  1
call    4 returned 1
call    5 returned 1
        1:   62-block  2
        1:   62-block  3
call    6 returned 1
branch  7 taken 1 (fallthrough)
branch  8 taken 0 (throw)
        1:   62-block  4
branch  9 taken 0 (fallthrough)
branch 10 taken 1
    $$$$$:   62-block  5
call   11 never executed
unconditional 12 never executed
        1:   62-block  6
unconditional 13 taken 1
        1:   62-block  7
        1:   62-block  8
        1:   62-block  9
call   14 returned 1
        -:   63:{
        2:   64:	HashTable ht;
        1:   64-block  0
call    0 returned 1
branch  1 taken 1 (fallthrough)
branch  2 taken 0 (throw)
        1:   64-block  1
call    3 returned 1
branch  4 taken 1 (fallthrough)
branch  5 taken 0 (throw)
    %%%%%:   64-block  2
call    6 never executed
unconditional  7 never executed
        1:   65:	Value temp = {1, 1};
        1:   66:	bool check = ht.insert("qwe", temp);
        1:   66-block  0
call    0 returned 1
call    1 returned 1
branch  2 taken 1 (fallthrough)
branch  3 taken 0 (throw)
        1:   66-block  1
call    4 returned 1
branch  5 taken 1 (fallthrough)
branch  6 taken 0 (throw)
        1:   66-block  2
call    7 returned 1
branch  8 taken 1 (fallthrough)
branch  9 taken 0 (throw)
        1:   66-block  3
call   10 returned 1
    %%%%%:   66-block  4
call   11 never executed
unconditional 12 never executed
    %%%%%:   66-block  5
call   13 never executed
unconditional 14 never executed
        1:   67:	EXPECT_TRUE(check);
call    0 returned 1
branch  1 taken 1 (fallthrough)
branch  2 taken 0 (throw)
        1:   67-block  0
call    3 returned 1
branch  4 taken 0 (fallthrough)
branch  5 taken 1
    $$$$$:   67-block  1
call    6 never executed
branch  7 never executed
branch  8 never executed
    $$$$$:   67-block  2
call    9 never executed
branch 10 never executed
branch 11 never executed
    $$$$$:   67-block  3
call   12 never executed
branch 13 never executed
branch 14 never executed
    $$$$$:   67-block  4
call   15 never executed
branch 16 never executed
branch 17 never executed
    $$$$$:   67-block  5
call   18 never executed
branch 19 never executed
branch 20 never executed
    $$$$$:   67-block  6
call   21 never executed
branch 22 never executed
branch 23 never executed
    $$$$$:   67-block  7
call   24 never executed
branch 25 never executed
branch 26 never executed
    $$$$$:   67-block  8
call   27 never executed
branch 28 never executed
branch 29 never executed
    $$$$$:   67-block  9
unconditional 30 never executed
        1:   67-block 10
call   31 returned 1
branch 32 taken 1 (fallthrough)
branch 33 taken 0 (throw)
    %%%%%:   67-block 11
call   34 never executed
unconditional 35 never executed
    %%%%%:   67-block 12
call   36 never executed
unconditional 37 never executed
    %%%%%:   67-block 13
call   38 never executed
unconditional 39 never executed
    %%%%%:   67-block 14
call   40 never executed
unconditional 41 never executed
    %%%%%:   67-block 15
unconditional 42 never executed
        1:   68:	EXPECT_FALSE(ht.empty());
        1:   68-block  0
call    0 returned 1
branch  1 taken 1 (fallthrough)
branch  2 taken 0 (throw)
        1:   68-block  1
call    3 returned 1
branch  4 taken 1 (fallthrough)
branch  5 taken 0 (throw)
        1:   68-block  2
call    6 returned 1
branch  7 taken 0 (fallthrough)
branch  8 taken 1
    $$$$$:   68-block  3
call    9 never executed
branch 10 never executed
branch 11 never executed
    $$$$$:   68-block  4
call   12 never executed
branch 13 never executed
branch 14 never executed
    $$$$$:   68-block  5
call   15 never executed
branch 16 never executed
branch 17 never executed
    $$$$$:   68-block  6
call   18 never executed
branch 19 never executed
branch 20 never executed
    $$$$$:   68-block  7
call   21 never executed
branch 22 never executed
branch 23 never executed
    $$$$$:   68-block  8
call   24 never executed
branch 25 never executed
branch 26 never executed
    $$$$$:   68-block  9
call   27 never executed
branch 28 never executed
branch 29 never executed
    $$$$$:   68-block 10
call   30 never executed
branch 31 never executed
branch 32 never executed
    $$$$$:   68-block 11
unconditional 33 never executed
        1:   68-block 12
call   34 returned 1
branch 35 taken 1 (fallthrough)
branch 36 taken 0 (throw)
    %%%%%:   68-block 13
call   37 never executed
unconditional 38 never executed
    %%%%%:   68-block 14
call   39 never executed
unconditional 40 never executed
    %%%%%:   68-block 15
call   41 never executed
unconditional 42 never executed
    %%%%%:   68-block 16
call   43 never executed
unconditional 44 never executed
    %%%%%:   68-block 17
unconditional 45 never executed
    %%%%%:   68-block 18
call   46 never executed
        1:   69:	EXPECT_TRUE(ht.search("qwe"));
        1:   69-block  0
call    0 returned 1
call    1 returned 1
branch  2 taken 1 (fallthrough)
branch  3 taken 0 (throw)
        1:   69-block  1
call    4 returned 1
branch  5 taken 1 (fallthrough)
branch  6 taken 0 (throw)
        1:   69-block  2
call    7 returned 1
branch  8 taken 1 (fallthrough)
branch  9 taken 0 (throw)
        1:   69-block  3
call   10 returned 1
branch 11 taken 1 (fallthrough)
branch 12 taken 0 (throw)
        1:   69-block  4
call   13 returned 1
call   14 returned 1
branch 15 taken 0 (fallthrough)
branch 16 taken 1
    $$$$$:   69-block  5
call   17 never executed
branch 18 never executed
branch 19 never executed
    $$$$$:   69-block  6
call   20 never executed
branch 21 never executed
branch 22 never executed
    $$$$$:   69-block  7
call   23 never executed
branch 24 never executed
branch 25 never executed
    $$$$$:   69-block  8
call   26 never executed
branch 27 never executed
branch 28 never executed
    $$$$$:   69-block  9
call   29 never executed
branch 30 never executed
branch 31 never executed
    $$$$$:   69-block 10
call   32 never executed
branch 33 never executed
branch 34 never executed
    $$$$$:   69-block 11
call   35 never executed
branch 36 never executed
branch 37 never executed
    $$$$$:   69-block 12
call   38 never executed
branch 39 never executed
branch 40 never executed
    $$$$$:   69-block 13
unconditional 41 never executed
        1:   69-block 14
call   42 returned 1
branch 43 taken 1 (fallthrough)
branch 44 taken 0 (throw)
unconditional 45 never executed
    %%%%%:   69-block 15
call   46 never executed
unconditional 47 never executed
    %%%%%:   69-block 16
call   48 never executed
unconditional 49 never executed
    %%%%%:   69-block 17
call   50 never executed
unconditional 51 never executed
    %%%%%:   69-block 18
call   52 never executed
unconditional 53 never executed
    %%%%%:   69-block 19
call   54 never executed
unconditional 55 never executed
    %%%%%:   69-block 20
call   56 never executed
unconditional 57 never executed
    %%%%%:   69-block 21
unconditional 58 never executed
        1:   70:	check = ht.insert("qwe", temp);
        1:   70-block  0
call    0 returned 1
call    1 returned 1
branch  2 taken 1 (fallthrough)
branch  3 taken 0 (throw)
        1:   70-block  1
call    4 returned 1
branch  5 taken 1 (fallthrough)
branch  6 taken 0 (throw)
        1:   70-block  2
call    7 returned 1
branch  8 taken 1 (fallthrough)
branch  9 taken 0 (throw)
        1:   70-block  3
call   10 returned 1
    %%%%%:   70-block  4
call   11 never executed
unconditional 12 never executed
    %%%%%:   70-block  5
call   13 never executed
unconditional 14 never executed
        1:   71:	EXPECT_FALSE(check);
call    0 returned 1
branch  1 taken 1 (fallthrough)
branch  2 taken 0 (throw)
        1:   71-block  0
call    3 returned 1
branch  4 taken 0 (fallthrough)
branch  5 taken 1
    $$$$$:   71-block  1
call    6 never executed
branch  7 never executed
branch  8 never executed
    $$$$$:   71-block  2
call    9 never executed
branch 10 never executed
branch 11 never executed
    $$$$$:   71-block  3
call   12 never executed
branch 13 never executed
branch 14 never executed
    $$$$$:   71-block  4
call   15 never executed
branch 16 never executed
branch 17 never executed
    $$$$$:   71-block  5
call   18 never executed
branch 19 never executed
branch 20 never executed
    $$$$$:   71-block  6
call   21 never executed
branch 22 never executed
branch 23 never executed
    $$$$$:   71-block  7
call   24 never executed
branch 25 never executed
branch 26 never executed
    $$$$$:   71-block  8
call   27 never executed
branch 28 never executed
branch 29 never executed
    $$$$$:   71-block  9
unconditional 30 never executed
        1:   71-block 10
call   31 returned 1
branch 32 taken 1 (fallthrough)
branch 33 taken 0 (throw)
    %%%%%:   71-block 11
call   34 never executed
unconditional 35 never executed
    %%%%%:   71-block 12
call   36 never executed
unconditional 37 never executed
    %%%%%:   71-block 13
call   38 never executed
unconditional 39 never executed
    %%%%%:   71-block 14
call   40 never executed
unconditional 41 never executed
    %%%%%:   71-block 15
unconditional 42 never executed
        1:   72:	check = ht.insert("abc", temp);
        1:   72-block  0
call    0 returned 1
call    1 returned 1
branch  2 taken 1 (fallthrough)
branch  3 taken 0 (throw)
        1:   72-block  1
call    4 returned 1
branch  5 taken 1 (fallthrough)
branch  6 taken 0 (throw)
        1:   72-block  2
call    7 returned 1
branch  8 taken 1 (fallthrough)
branch  9 taken 0 (throw)
        1:   72-block  3
call   10 returned 1
    %%%%%:   72-block  4
call   11 never executed
unconditional 12 never executed
    %%%%%:   72-block  5
call   13 never executed
unconditional 14 never executed
        1:   73:	EXPECT_TRUE(check);
call    0 returned 1
branch  1 taken 1 (fallthrough)
branch  2 taken 0 (throw)
        1:   73-block  0
call    3 returned 1
branch  4 taken 0 (fallthrough)
branch  5 taken 1
    $$$$$:   73-block  1
call    6 never executed
branch  7 never executed
branch  8 never executed
    $$$$$:   73-block  2
call    9 never executed
branch 10 never executed
branch 11 never executed
    $$$$$:   73-block  3
call   12 never executed
branch 13 never executed
branch 14 never executed
    $$$$$:   73-block  4
call   15 never executed
branch 16 never executed
branch 17 never executed
    $$$$$:   73-block  5
call   18 never executed
branch 19 never executed
branch 20 never executed
    $$$$$:   73-block  6
call   21 never executed
branch 22 never executed
branch 23 never executed
    $$$$$:   73-block  7
call   24 never executed
branch 25 never executed
branch 26 never executed
    $$$$$:   73-block  8
call   27 never executed
branch 28 never executed
branch 29 never executed
    $$$$$:   73-block  9
unconditional 30 never executed
        1:   73-block 10
call   31 returned 1
branch 32 taken 1 (fallthrough)
branch 33 taken 0 (throw)
    %%%%%:   73-block 11
call   34 never executed
unconditional 35 never executed
    %%%%%:   73-block 12
call   36 never executed
unconditional 37 never executed
    %%%%%:   73-block 13
call   38 never executed
unconditional 39 never executed
    %%%%%:   73-block 14
call   40 never executed
unconditional 41 never executed
    %%%%%:   73-block 15
unconditional 42 never executed
        -:   74:
        -:   75:	/*for (int i = 0; i < 50; ++i)
        -:   76:	{
        -:   77:		std::cout << "OK";
        -:   78:		std::string s;
        -:   79:		ht.insert(c, temp);
        -:   80:	}*/
        1:   81:}
        1:   81-block  0
unconditional  0 taken 1
        -:   82:
function _ZN22HashTests_IndexOp_TestD0Ev called 1 returned 100% blocks executed 100%
function _ZN22HashTests_IndexOp_TestD1Ev called 1 returned 100% blocks executed 80%
function _ZN22HashTests_IndexOp_Test8TestBodyEv called 1 returned 100% blocks executed 32%
function _ZN22HashTests_IndexOp_TestC1Ev called 1 returned 100% blocks executed 100%
        7:   83:TEST (HashTests, IndexOp)
call    0 returned 1
call    1 returned 1
call    2 returned 1
call    3 returned 1
        1:   83-block  0
        1:   83-block  1
call    4 returned 1
call    5 returned 1
        1:   83-block  2
        1:   83-block  3
call    6 returned 1
branch  7 taken 1 (fallthrough)
branch  8 taken 0 (throw)
        1:   83-block  4
branch  9 taken 0 (fallthrough)
branch 10 taken 1
    $$$$$:   83-block  5
call   11 never executed
unconditional 12 never executed
        1:   83-block  6
unconditional 13 taken 1
        1:   83-block  7
        1:   83-block  8
        1:   83-block  9
call   14 returned 1
        -:   84:{
        2:   85:	HashTable ht;
        1:   85-block  0
call    0 returned 1
branch  1 taken 1 (fallthrough)
branch  2 taken 0 (throw)
        1:   85-block  1
call    3 returned 1
branch  4 taken 1 (fallthrough)
branch  5 taken 0 (throw)
    %%%%%:   85-block  2
call    6 never executed
unconditional  7 never executed
        1:   86:	Value check = ht["qwe"];
        1:   86-block  0
call    0 returned 1
call    1 returned 1
branch  2 taken 1 (fallthrough)
branch  3 taken 0 (throw)
        1:   86-block  1
call    4 returned 1
branch  5 taken 1 (fallthrough)
branch  6 taken 0 (throw)
        1:   86-block  2
call    7 returned 1
branch  8 taken 1 (fallthrough)
branch  9 taken 0 (throw)
        1:   86-block  3
call   10 returned 1
    %%%%%:   86-block  4
call   11 never executed
unconditional 12 never executed
    %%%%%:   86-block  5
call   13 never executed
unconditional 14 never executed
        1:   87:	EXPECT_EQ(check.age, -1);
call    0 returned 1
branch  1 taken 1 (fallthrough)
branch  2 taken 0 (throw)
        1:   87-block  0
call    3 returned 1
branch  4 taken 0 (fallthrough)
branch  5 taken 1
    $$$$$:   87-block  1
call    6 never executed
branch  7 never executed
branch  8 never executed
    $$$$$:   87-block  2
call    9 never executed
branch 10 never executed
branch 11 never executed
    $$$$$:   87-block  3
call   12 never executed
branch 13 never executed
branch 14 never executed
    $$$$$:   87-block  4
call   15 never executed
branch 16 never executed
branch 17 never executed
    $$$$$:   87-block  5
call   18 never executed
branch 19 never executed
branch 20 never executed
    $$$$$:   87-block  6
call   21 never executed
branch 22 never executed
branch 23 never executed
    $$$$$:   87-block  7
unconditional 24 never executed
        1:   87-block  8
call   25 returned 1
branch 26 taken 1 (fallthrough)
branch 27 taken 0 (throw)
    %%%%%:   87-block  9
unconditional 28 never executed
    %%%%%:   87-block 10
call   29 never executed
unconditional 30 never executed
    %%%%%:   87-block 11
call   31 never executed
unconditional 32 never executed
    %%%%%:   87-block 12
call   33 never executed
unconditional 34 never executed
    %%%%%:   87-block 13
unconditional 35 never executed
        1:   88:	EXPECT_EQ(check.weight, -1);
        1:   88-block  0
call    0 returned 1
branch  1 taken 1 (fallthrough)
branch  2 taken 0 (throw)
        1:   88-block  1
call    3 returned 1
branch  4 taken 0 (fallthrough)
branch  5 taken 1
    $$$$$:   88-block  2
call    6 never executed
branch  7 never executed
branch  8 never executed
    $$$$$:   88-block  3
call    9 never executed
branch 10 never executed
branch 11 never executed
    $$$$$:   88-block  4
call   12 never executed
branch 13 never executed
branch 14 never executed
    $$$$$:   88-block  5
call   15 never executed
branch 16 never executed
branch 17 never executed
    $$$$$:   88-block  6
call   18 never executed
branch 19 never executed
branch 20 never executed
    $$$$$:   88-block  7
call   21 never executed
branch 22 never executed
branch 23 never executed
    $$$$$:   88-block  8
unconditional 24 never executed
        1:   88-block  9
call   25 returned 1
branch 26 taken 1 (fallthrough)
branch 27 taken 0 (throw)
    %%%%%:   88-block 10
unconditional 28 never executed
    %%%%%:   88-block 11
call   29 never executed
unconditional 30 never executed
    %%%%%:   88-block 12
call   31 never executed
unconditional 32 never executed
    %%%%%:   88-block 13
call   33 never executed
unconditional 34 never executed
    %%%%%:   88-block 14
unconditional 35 never executed
        1:   89:	Value temp = {1, 1};
        1:   90:	ht.insert("qwe", temp);
        1:   90-block  0
call    0 returned 1
call    1 returned 1
branch  2 taken 1 (fallthrough)
branch  3 taken 0 (throw)
        1:   90-block  1
call    4 returned 1
branch  5 taken 1 (fallthrough)
branch  6 taken 0 (throw)
        1:   90-block  2
call    7 returned 1
branch  8 taken 1 (fallthrough)
branch  9 taken 0 (throw)
        1:   90-block  3
call   10 returned 1
    %%%%%:   90-block  4
call   11 never executed
unconditional 12 never executed
    %%%%%:   90-block  5
call   13 never executed
unconditional 14 never executed
        1:   91:	check = ht["qwe"];
call    0 returned 1
call    1 returned 1
branch  2 taken 1 (fallthrough)
branch  3 taken 0 (throw)
        1:   91-block  0
call    4 returned 1
branch  5 taken 1 (fallthrough)
branch  6 taken 0 (throw)
        1:   91-block  1
call    7 returned 1
branch  8 taken 1 (fallthrough)
branch  9 taken 0 (throw)
        1:   91-block  2
call   10 returned 1
    %%%%%:   91-block  3
call   11 never executed
unconditional 12 never executed
    %%%%%:   91-block  4
call   13 never executed
unconditional 14 never executed
        1:   92:	EXPECT_NE(check.age, -1);
call    0 returned 1
branch  1 taken 1 (fallthrough)
branch  2 taken 0 (throw)
        1:   92-block  0
call    3 returned 1
branch  4 taken 0 (fallthrough)
branch  5 taken 1
    $$$$$:   92-block  1
call    6 never executed
branch  7 never executed
branch  8 never executed
    $$$$$:   92-block  2
call    9 never executed
branch 10 never executed
branch 11 never executed
    $$$$$:   92-block  3
call   12 never executed
branch 13 never executed
branch 14 never executed
    $$$$$:   92-block  4
call   15 never executed
branch 16 never executed
branch 17 never executed
    $$$$$:   92-block  5
call   18 never executed
branch 19 never executed
branch 20 never executed
    $$$$$:   92-block  6
call   21 never executed
branch 22 never executed
branch 23 never executed
    $$$$$:   92-block  7
unconditional 24 never executed
        1:   92-block  8
call   25 returned 1
branch 26 taken 1 (fallthrough)
branch 27 taken 0 (throw)
    %%%%%:   92-block  9
unconditional 28 never executed
    %%%%%:   92-block 10
call   29 never executed
unconditional 30 never executed
    %%%%%:   92-block 11
call   31 never executed
unconditional 32 never executed
    %%%%%:   92-block 12
call   33 never executed
unconditional 34 never executed
    %%%%%:   92-block 13
unconditional 35 never executed
        1:   93:	EXPECT_NE(check.weight, -1);
        1:   93-block  0
call    0 returned 1
branch  1 taken 1 (fallthrough)
branch  2 taken 0 (throw)
        1:   93-block  1
call    3 returned 1
branch  4 taken 0 (fallthrough)
branch  5 taken 1
    $$$$$:   93-block  2
call    6 never executed
branch  7 never executed
branch  8 never executed
    $$$$$:   93-block  3
call    9 never executed
branch 10 never executed
branch 11 never executed
    $$$$$:   93-block  4
call   12 never executed
branch 13 never executed
branch 14 never executed
    $$$$$:   93-block  5
call   15 never executed
branch 16 never executed
branch 17 never executed
    $$$$$:   93-block  6
call   18 never executed
branch 19 never executed
branch 20 never executed
    $$$$$:   93-block  7
call   21 never executed
branch 22 never executed
branch 23 never executed
    $$$$$:   93-block  8
unconditional 24 never executed
        1:   93-block  9
call   25 returned 1
branch 26 taken 1 (fallthrough)
branch 27 taken 0 (throw)
    %%%%%:   93-block 10
unconditional 28 never executed
    %%%%%:   93-block 11
call   29 never executed
unconditional 30 never executed
    %%%%%:   93-block 12
call   31 never executed
unconditional 32 never executed
    %%%%%:   93-block 13
call   33 never executed
unconditional 34 never executed
    %%%%%:   93-block 14
unconditional 35 never executed
        1:   94:}
        1:   94-block  0
unconditional  0 taken 1
        -:   95:
function _ZN22HashTests_ConstAt_TestD0Ev called 1 returned 100% blocks executed 100%
function _ZN22HashTests_ConstAt_TestD1Ev called 1 returned 100% blocks executed 80%
function _ZN22HashTests_ConstAt_Test8TestBodyEv called 1 returned 100% blocks executed 57%
function _ZN22HashTests_ConstAt_TestC1Ev called 1 returned 100% blocks executed 100%
        7:   96:TEST (HashTests, ConstAt)
call    0 returned 1
call    1 returned 1
call    2 returned 1
call    3 returned 1
        1:   96-block  0
        1:   96-block  1
call    4 returned 1
call    5 returned 1
        1:   96-block  2
        1:   96-block  3
call    6 returned 1
branch  7 taken 1 (fallthrough)
branch  8 taken 0 (throw)
        1:   96-block  4
branch  9 taken 0 (fallthrough)
branch 10 taken 1
    $$$$$:   96-block  5
call   11 never executed
unconditional 12 never executed
        1:   96-block  6
unconditional 13 taken 1
        1:   96-block  7
        1:   96-block  8
        1:   96-block  9
call   14 returned 1
        -:   97:{
        2:   98:	HashTable ht;
        1:   98-block  0
call    0 returned 1
branch  1 taken 1 (fallthrough)
branch  2 taken 0 (throw)
        1:   98-block  1
call    3 returned 1
branch  4 taken 1 (fallthrough)
branch  5 taken 0 (throw)
    %%%%%:   98-block  2
call    6 never executed
unconditional  7 never executed
        1:   99:	const Value temp = {1, 1};
        1:  100:	ht.insert("qwe", temp);
        1:  100-block  0
call    0 returned 1
call    1 returned 1
branch  2 taken 1 (fallthrough)
branch  3 taken 0 (throw)
        1:  100-block  1
call    4 returned 1
branch  5 taken 1 (fallthrough)
branch  6 taken 0 (throw)
        1:  100-block  2
call    7 returned 1
branch  8 taken 1 (fallthrough)
branch  9 taken 0 (throw)
        1:  100-block  3
call   10 returned 1
    %%%%%:  100-block  4
call   11 never executed
unconditional 12 never executed
    %%%%%:  100-block  5
call   13 never executed
unconditional 14 never executed
        2:  101:	const HashTable ht2 = ht;
call    0 returned 1
branch  1 taken 1 (fallthrough)
branch  2 taken 0 (throw)
call    3 returned 1
branch  4 taken 1 (fallthrough)
branch  5 taken 0 (throw)
    %%%%%:  101-block  0
call    6 never executed
unconditional  7 never executed
        1:  102:	Value check = ht2.at("qwe");
        1:  102-block  0
call    0 returned 1
call    1 returned 1
branch  2 taken 1 (fallthrough)
branch  3 taken 0 (throw)
        1:  102-block  1
call    4 returned 1
branch  5 taken 1 (fallthrough)
branch  6 taken 0 (throw)
        1:  102-block  2
call    7 returned 1
branch  8 taken 1 (fallthrough)
branch  9 taken 0 (throw)
        1:  102-block  3
call   10 returned 1
    %%%%%:  102-block  4
call   11 never executed
unconditional 12 never executed
    %%%%%:  102-block  5
call   13 never executed
unconditional 14 never executed
        1:  103:	check.age = 0;
        1:  104:}
        1:  104-block  0
unconditional  0 taken 1
        -:  105:
function _ZN17HashTests_At_TestD0Ev called 1 returned 100% blocks executed 100%
function _ZN17HashTests_At_TestD1Ev called 1 returned 100% blocks executed 80%
function _ZN17HashTests_At_Test8TestBodyEv called 1 returned 100% blocks executed 40%
function _ZN17HashTests_At_TestC1Ev called 1 returned 100% blocks executed 100%
        7:  106:TEST (HashTests, At)
call    0 returned 1
call    1 returned 1
call    2 returned 1
call    3 returned 1
        1:  106-block  0
        1:  106-block  1
call    4 returned 1
call    5 returned 1
        1:  106-block  2
        1:  106-block  3
call    6 returned 1
branch  7 taken 1 (fallthrough)
branch  8 taken 0 (throw)
        1:  106-block  4
branch  9 taken 0 (fallthrough)
branch 10 taken 1
    $$$$$:  106-block  5
call   11 never executed
unconditional 12 never executed
        1:  106-block  6
unconditional 13 taken 1
        1:  106-block  7
        1:  106-block  8
        1:  106-block  9
call   14 returned 1
        -:  107:{
        2:  108:	HashTable ht;
        1:  108-block  0
call    0 returned 1
branch  1 taken 1 (fallthrough)
branch  2 taken 0 (throw)
        1:  108-block  1
call    3 returned 1
branch  4 taken 1 (fallthrough)
branch  5 taken 0 (throw)
    %%%%%:  108-block  2
call    6 never executed
unconditional  7 never executed
        1:  109:	const Value temp = {1, 1};
        1:  110:	ht.insert("qwe", temp);
        1:  110-block  0
call    0 returned 1
call    1 returned 1
branch  2 taken 1 (fallthrough)
branch  3 taken 0 (throw)
        1:  110-block  1
call    4 returned 1
branch  5 taken 1 (fallthrough)
branch  6 taken 0 (throw)
        1:  110-block  2
call    7 returned 1
branch  8 taken 1 (fallthrough)
branch  9 taken 0 (throw)
        1:  110-block  3
call   10 returned 1
    %%%%%:  110-block  4
call   11 never executed
unconditional 12 never executed
    %%%%%:  110-block  5
call   13 never executed
unconditional 14 never executed
        1:  111:	bool check = true;
        -:  112:	try
        -:  113:  	{
        1:  114:    	Value ep = ht.at("qwe");
call    0 returned 1
call    1 returned 1
branch  2 taken 1 (fallthrough)
branch  3 taken 0 (throw)
        1:  114-block  0
call    4 returned 1
branch  5 taken 1 (fallthrough)
branch  6 taken 0 (throw)
        1:  114-block  1
call    7 returned 1
branch  8 taken 1 (fallthrough)
branch  9 taken 0 (throw)
        1:  114-block  2
call   10 returned 1
unconditional 11 taken 1
    %%%%%:  114-block  3
call   12 never executed
unconditional 13 never executed
    %%%%%:  114-block  4
call   14 never executed
unconditional 15 never executed
    %%%%%:  114-block  5
unconditional 16 never executed
    %%%%%:  114-block  6
branch 17 never executed
branch 18 never executed
    %%%%%:  114-block  7
unconditional 19 never executed
        -:  115:  	}
    =====:  116:  	catch(int a)
    %%%%%:  116-block  0
call    0 never executed
    %%%%%:  116-block  1
call    1 never executed
unconditional  2 never executed
    %%%%%:  116-block  2
call    3 never executed
unconditional  4 never executed
        -:  117:  	{
    =====:  118:    	cout << "Caught exception number:  " << a << endl;
call    0 never executed
branch  1 never executed
branch  2 never executed
    %%%%%:  118-block  0
call    3 never executed
branch  4 never executed
branch  5 never executed
    %%%%%:  118-block  1
call    6 never executed
branch  7 never executed
branch  8 never executed
    =====:  119:    	check = false;
        -:  120:  	}
        1:  121:  	EXPECT_TRUE(check);
        1:  121-block  0
call    0 returned 1
branch  1 taken 1 (fallthrough)
branch  2 taken 0 (throw)
        1:  121-block  1
call    3 returned 1
branch  4 taken 0 (fallthrough)
branch  5 taken 1
    $$$$$:  121-block  2
call    6 never executed
branch  7 never executed
branch  8 never executed
    $$$$$:  121-block  3
call    9 never executed
branch 10 never executed
branch 11 never executed
    $$$$$:  121-block  4
call   12 never executed
branch 13 never executed
branch 14 never executed
    $$$$$:  121-block  5
call   15 never executed
branch 16 never executed
branch 17 never executed
    $$$$$:  121-block  6
call   18 never executed
branch 19 never executed
branch 20 never executed
    $$$$$:  121-block  7
call   21 never executed
branch 22 never executed
branch 23 never executed
    $$$$$:  121-block  8
call   24 never executed
branch 25 never executed
branch 26 never executed
    $$$$$:  121-block  9
call   27 never executed
branch 28 never executed
branch 29 never executed
    $$$$$:  121-block 10
unconditional 30 never executed
        1:  121-block 11
call   31 returned 1
branch 32 taken 1 (fallthrough)
branch 33 taken 0 (throw)
    %%%%%:  121-block 12
call   34 never executed
unconditional 35 never executed
    %%%%%:  121-block 13
call   36 never executed
unconditional 37 never executed
    %%%%%:  121-block 14
call   38 never executed
unconditional 39 never executed
    %%%%%:  121-block 15
call   40 never executed
unconditional 41 never executed
    %%%%%:  121-block 16
unconditional 42 never executed
        1:  122:  	check = false;
        1:  123:  	cout << "No exception detected" << endl;
        1:  123-block  0
call    0 returned 1
branch  1 taken 1 (fallthrough)
branch  2 taken 0 (throw)
        1:  123-block  1
call    3 returned 1
branch  4 taken 1 (fallthrough)
branch  5 taken 0 (throw)
        1:  124:	ht.erase("qwe");
        1:  124-block  0
call    0 returned 1
call    1 returned 1
branch  2 taken 1 (fallthrough)
branch  3 taken 0 (throw)
        1:  124-block  1
call    4 returned 1
branch  5 taken 1 (fallthrough)
branch  6 taken 0 (throw)
        1:  124-block  2
call    7 returned 1
branch  8 taken 1 (fallthrough)
branch  9 taken 0 (throw)
        1:  124-block  3
call   10 returned 1
    %%%%%:  124-block  4
call   11 never executed
unconditional 12 never executed
    %%%%%:  124-block  5
call   13 never executed
unconditional 14 never executed
        -:  125:	try
        -:  126:  	{
        1:  127:    	Value ep = ht.at("qwe");
call    0 returned 1
call    1 returned 1
branch  2 taken 1 (fallthrough)
branch  3 taken 0 (throw)
        1:  127-block  0
call    4 returned 1
branch  5 taken 0 (fallthrough)
branch  6 taken 1 (throw)
    $$$$$:  127-block  1
call    7 never executed
branch  8 never executed
branch  9 never executed
    $$$$$:  127-block  2
call   10 never executed
unconditional 11 never executed
        1:  127-block  3
call   12 returned 1
unconditional 13 taken 1
        1:  127-block  4
call   14 returned 1
unconditional 15 taken 1
        1:  127-block  5
unconditional 16 taken 1
        1:  127-block  6
branch 17 taken 0 (fallthrough)
branch 18 taken 1
    %%%%%:  127-block  7
unconditional 19 never executed
        -:  128:  	}
        2:  129:  	catch(int a)
        1:  129-block  0
call    0 returned 1
        1:  129-block  1
call    1 returned 1
unconditional  2 taken 1
    %%%%%:  129-block  2
call    3 never executed
unconditional  4 never executed
        -:  130:  	{
        1:  131:    	cout << "Caught exception number:  " << a << endl;
call    0 returned 1
branch  1 taken 1 (fallthrough)
branch  2 taken 0 (throw)
        1:  131-block  0
call    3 returned 1
branch  4 taken 1 (fallthrough)
branch  5 taken 0 (throw)
        1:  131-block  1
call    6 returned 1
branch  7 taken 1 (fallthrough)
branch  8 taken 0 (throw)
        1:  132:    	check = true;
        -:  133:  	}
        -:  134:  	//cout << "No exception detected" << endl;
        1:  135:  	EXPECT_TRUE(check);
        1:  135-block  0
call    0 returned 1
branch  1 taken 1 (fallthrough)
branch  2 taken 0 (throw)
        1:  135-block  1
call    3 returned 1
branch  4 taken 0 (fallthrough)
branch  5 taken 1
    $$$$$:  135-block  2
call    6 never executed
branch  7 never executed
branch  8 never executed
    $$$$$:  135-block  3
call    9 never executed
branch 10 never executed
branch 11 never executed
    $$$$$:  135-block  4
call   12 never executed
branch 13 never executed
branch 14 never executed
    $$$$$:  135-block  5
call   15 never executed
branch 16 never executed
branch 17 never executed
    $$$$$:  135-block  6
call   18 never executed
branch 19 never executed
branch 20 never executed
    $$$$$:  135-block  7
call   21 never executed
branch 22 never executed
branch 23 never executed
    $$$$$:  135-block  8
call   24 never executed
branch 25 never executed
branch 26 never executed
    $$$$$:  135-block  9
call   27 never executed
branch 28 never executed
branch 29 never executed
    $$$$$:  135-block 10
unconditional 30 never executed
        1:  135-block 11
call   31 returned 1
branch 32 taken 1 (fallthrough)
branch 33 taken 0 (throw)
    %%%%%:  135-block 12
call   34 never executed
unconditional 35 never executed
    %%%%%:  135-block 13
call   36 never executed
unconditional 37 never executed
    %%%%%:  135-block 14
call   38 never executed
unconditional 39 never executed
    %%%%%:  135-block 15
call   40 never executed
unconditional 41 never executed
    %%%%%:  135-block 16
unconditional 42 never executed
        1:  136:}
        1:  136-block  0
unconditional  0 taken 1
        -:  137:
function _ZN21HashTests_Rehash_TestD0Ev called 1 returned 100% blocks executed 100%
function _ZN21HashTests_Rehash_TestD1Ev called 1 returned 100% blocks executed 80%
function _ZN21HashTests_Rehash_Test8TestBodyEv called 1 returned 100% blocks executed 43%
function _ZN21HashTests_Rehash_TestC1Ev called 1 returned 100% blocks executed 100%
        7:  138:TEST (HashTests, Rehash)
call    0 returned 1
call    1 returned 1
call    2 returned 1
call    3 returned 1
unconditional  4 taken 1
        1:  138-block  0
        1:  138-block  1
call    5 returned 1
call    6 returned 1
        1:  138-block  2
        1:  138-block  3
call    7 returned 1
branch  8 taken 1 (fallthrough)
branch  9 taken 0 (throw)
        1:  138-block  4
branch 10 taken 0 (fallthrough)
branch 11 taken 1
    $$$$$:  138-block  5
call   12 never executed
unconditional 13 never executed
        1:  138-block  6
unconditional 14 taken 1
        1:  138-block  7
        1:  138-block  8
        1:  138-block  9
call   15 returned 1
        -:  139:{
        2:  140:	std::string str;
        1:  140-block  0
call    0 returned 1
branch  1 taken 1 (fallthrough)
branch  2 taken 0 (throw)
        1:  140-block  1
call    3 returned 1
branch  4 taken 1 (fallthrough)
branch  5 taken 0 (throw)
    %%%%%:  140-block  2
call    6 never executed
unconditional  7 never executed
        2:  141:    std::ifstream input;
        1:  141-block  0
call    0 returned 1
branch  1 taken 1 (fallthrough)
branch  2 taken 0 (throw)
        1:  141-block  1
call    3 returned 1
branch  4 taken 1 (fallthrough)
branch  5 taken 0 (throw)
    %%%%%:  141-block  2
call    6 never executed
unconditional  7 never executed
        1:  142:    input.open("crusoe.txt");
        1:  142-block  0
call    0 returned 1
branch  1 taken 1 (fallthrough)
branch  2 taken 0 (throw)
        2:  143:    HashTable ht;
        1:  143-block  0
call    0 returned 1
branch  1 taken 1 (fallthrough)
branch  2 taken 0 (throw)
        1:  143-block  1
call    3 returned 1
branch  4 taken 1 (fallthrough)
branch  5 taken 0 (throw)
    %%%%%:  143-block  2
call    6 never executed
unconditional  7 never executed
        1:  144:    std::cout << "REHASH TEST" << std::endl;
        1:  144-block  0
call    0 returned 1
branch  1 taken 1 (fallthrough)
branch  2 taken 0 (throw)
        1:  144-block  1
call    3 returned 1
branch  4 taken 1 (fallthrough)
branch  5 taken 0 (throw)
        1:  145:    int i = 0;
        2:  146:    HashTable ht2;
        1:  146-block  0
call    0 returned 1
branch  1 taken 1 (fallthrough)
branch  2 taken 0 (throw)
        1:  146-block  1
call    3 returned 1
branch  4 taken 1 (fallthrough)
branch  5 taken 0 (throw)
    %%%%%:  146-block  2
call    6 never executed
unconditional  7 never executed
    74402:  147:    while (getline(input, str))
    74402:  147-block  0
call    0 returned 74402
branch  1 taken 74402 (fallthrough)
branch  2 taken 0 (throw)
    74402:  147-block  1
call    3 returned 74402
branch  4 taken 74402 (fallthrough)
branch  5 taken 0 (throw)
    74402:  147-block  2
branch  6 taken 74401 (fallthrough)
branch  7 taken 1
    74401:  147-block  3
unconditional  8 taken 74401
        -:  148:    {
    74401:  149:    	if (1000 == i)
    74401:  149-block  0
branch  0 taken 1 (fallthrough)
branch  1 taken 74400
        -:  150:    	{
        1:  151:    		ht2 = ht;
        1:  151-block  0
call    0 returned 1
branch  1 taken 1 (fallthrough)
branch  2 taken 0 (throw)
        1:  151-block  1
unconditional  3 taken 1
        -:  152:    	}
    74401:  153:    	if (0 == i % 1000)
    74401:  153-block  0
branch  0 taken 75 (fallthrough)
branch  1 taken 74326
        -:  154:    	{
       75:  155:    		std::cout << "ADDED " << i << std::endl;
       75:  155-block  0
call    0 returned 75
branch  1 taken 75 (fallthrough)
branch  2 taken 0 (throw)
       75:  155-block  1
call    3 returned 75
branch  4 taken 75 (fallthrough)
branch  5 taken 0 (throw)
       75:  155-block  2
call    6 returned 75
branch  7 taken 75 (fallthrough)
branch  8 taken 0 (throw)
       75:  155-block  3
unconditional  9 taken 75
        -:  156:    	}
   148802:  157:        Key key = str;
    74401:  157-block  0
call    0 returned 74401
branch  1 taken 74401 (fallthrough)
branch  2 taken 0 (throw)
    74401:  157-block  1
call    3 returned 74401
branch  4 taken 74401 (fallthrough)
branch  5 taken 0 (throw)
    %%%%%:  157-block  2
call    6 never executed
unconditional  7 never executed
    %%%%%:  157-block  3
unconditional  8 never executed
        -:  158:        Value value;
    74401:  159:        getkey(str, key);
    74401:  159-block  0
call    0 returned 74401
branch  1 taken 74401 (fallthrough)
branch  2 taken 0 (throw)
    74401:  159-block  1
call    3 returned 74401
branch  4 taken 74401 (fallthrough)
branch  5 taken 0 (throw)
    74401:  159-block  2
call    6 returned 74401
branch  7 taken 74401 (fallthrough)
branch  8 taken 0 (throw)
    %%%%%:  159-block  3
call    9 never executed
unconditional 10 never executed
    74401:  160:        getvalue(str, value);
    74401:  160-block  0
call    0 returned 74401
branch  1 taken 74401 (fallthrough)
branch  2 taken 0 (throw)
    74401:  160-block  1
call    3 returned 74401
branch  4 taken 74401 (fallthrough)
branch  5 taken 0 (throw)
    74401:  160-block  2
call    6 returned 74401
branch  7 taken 74401 (fallthrough)
branch  8 taken 0 (throw)
    %%%%%:  160-block  3
call    9 never executed
unconditional 10 never executed
    74401:  161:        ht.insert(key, value);
    74401:  161-block  0
call    0 returned 74401
branch  1 taken 74401 (fallthrough)
branch  2 taken 0 (throw)
    74401:  162:        ++i;
        -:  163:    }
        1:  164:    input.close();
        1:  164-block  0
call    0 returned 1
branch  1 taken 1 (fallthrough)
branch  2 taken 0 (throw)
        1:  165:    std::cout << "FILE ADDED" << std::endl;
        1:  165-block  0
call    0 returned 1
branch  1 taken 1 (fallthrough)
branch  2 taken 0 (throw)
        1:  165-block  1
call    3 returned 1
branch  4 taken 1 (fallthrough)
branch  5 taken 0 (throw)
        1:  166:    bool safe_check = true;
        1:  167:    bool correct_check = true;
        1:  168:    bool full_check = true;
        1:  169:    bool size_check = true;
        1:  170:    for (int j = 0; i < ht2.getsize(); ++j)
        1:  170-block  0
unconditional  0 taken 1
        1:  170-block  1
call    1 returned 1
branch  2 taken 1 (fallthrough)
branch  3 taken 0 (throw)
        1:  170-block  2
branch  4 taken 0 (fallthrough)
branch  5 taken 1
    $$$$$:  170-block  3
unconditional  6 never executed
        -:  171:    {
    #####:  172:    	if (false == ht.search(ht2.get_data()[i].key))
    $$$$$:  172-block  0
call    0 never executed
branch  1 never executed
branch  2 never executed
    $$$$$:  172-block  1
call    3 never executed
branch  4 never executed
branch  5 never executed
    $$$$$:  172-block  2
branch  6 never executed
branch  7 never executed
        -:  173:    	{
    #####:  174:    		safe_check = false;
    $$$$$:  174-block  0
unconditional  0 never executed
        -:  175:    	}
        -:  176:    }
        1:  177:    Value temp = {1, 1};
        1:  178:    ht2.insert("rrrrr", temp);
        1:  178-block  0
call    0 returned 1
call    1 returned 1
branch  2 taken 1 (fallthrough)
branch  3 taken 0 (throw)
        1:  178-block  1
call    4 returned 1
branch  5 taken 1 (fallthrough)
branch  6 taken 0 (throw)
        1:  178-block  2
call    7 returned 1
branch  8 taken 1 (fallthrough)
branch  9 taken 0 (throw)
        1:  178-block  3
call   10 returned 1
    %%%%%:  178-block  4
call   11 never executed
unconditional 12 never executed
    %%%%%:  178-block  5
call   13 never executed
unconditional 14 never executed
        -:  179:    //ht.insert("rrrrr", temp);
        1:  180:    if (true == ht.search("rrrrr"))
call    0 returned 1
call    1 returned 1
branch  2 taken 1 (fallthrough)
branch  3 taken 0 (throw)
        1:  180-block  0
call    4 returned 1
branch  5 taken 1 (fallthrough)
branch  6 taken 0 (throw)
        1:  180-block  1
call    7 returned 1
branch  8 taken 1 (fallthrough)
branch  9 taken 0 (throw)
        1:  180-block  2
call   10 returned 1
branch 11 taken 0 (fallthrough)
branch 12 taken 1
    %%%%%:  180-block  3
call   13 never executed
unconditional 14 never executed
    %%%%%:  180-block  4
call   15 never executed
unconditional 16 never executed
        -:  181:    {
    #####:  182:    	correct_check = false;
    $$$$$:  182-block  0
unconditional  0 never executed
        -:  183:    }
        1:  184:    input.open("crusoe.txt");
        1:  184-block  0
call    0 returned 1
branch  1 taken 1 (fallthrough)
branch  2 taken 0 (throw)
    74402:  185:    while (getline(input, str))
    74402:  185-block  0
call    0 returned 74402
branch  1 taken 74402 (fallthrough)
branch  2 taken 0 (throw)
    74402:  185-block  1
call    3 returned 74402
branch  4 taken 74402 (fallthrough)
branch  5 taken 0 (throw)
    74402:  185-block  2
branch  6 taken 74401 (fallthrough)
branch  7 taken 1
    74401:  185-block  3
unconditional  8 taken 74401
        -:  186:    {
   148802:  187:        Key key = str;
    74401:  187-block  0
call    0 returned 74401
branch  1 taken 74401 (fallthrough)
branch  2 taken 0 (throw)
    74401:  187-block  1
call    3 returned 74401
branch  4 taken 74401 (fallthrough)
branch  5 taken 0 (throw)
    %%%%%:  187-block  2
call    6 never executed
unconditional  7 never executed
    %%%%%:  187-block  3
unconditional  8 never executed
    74401:  188:        getkey(str, key);
    74401:  188-block  0
call    0 returned 74401
branch  1 taken 74401 (fallthrough)
branch  2 taken 0 (throw)
    74401:  188-block  1
call    3 returned 74401
branch  4 taken 74401 (fallthrough)
branch  5 taken 0 (throw)
    74401:  188-block  2
call    6 returned 74401
branch  7 taken 74401 (fallthrough)
branch  8 taken 0 (throw)
    %%%%%:  188-block  3
call    9 never executed
unconditional 10 never executed
    74401:  189:       	if (false == ht.search(key))
    74401:  189-block  0
call    0 returned 74401
branch  1 taken 74401 (fallthrough)
branch  2 taken 0 (throw)
    74401:  189-block  1
branch  3 taken 0 (fallthrough)
branch  4 taken 74401
        -:  190:       	{
    #####:  191:       		full_check = false;
    $$$$$:  191-block  0
unconditional  0 never executed
        -:  192:       	}
        -:  193:    }
        1:  194:    if (ht.getsize() != i)
        1:  194-block  0
call    0 returned 1
branch  1 taken 1 (fallthrough)
branch  2 taken 0 (throw)
        1:  194-block  1
branch  3 taken 0 (fallthrough)
branch  4 taken 1
        -:  195:    {
    #####:  196:    	size_check = false;
    $$$$$:  196-block  0
unconditional  0 never executed
        -:  197:    }
        1:  198:    input.close();
        1:  198-block  0
call    0 returned 1
branch  1 taken 1 (fallthrough)
branch  2 taken 0 (throw)
        1:  199:    EXPECT_TRUE(safe_check);
        1:  199-block  0
call    0 returned 1
branch  1 taken 1 (fallthrough)
branch  2 taken 0 (throw)
        1:  199-block  1
call    3 returned 1
branch  4 taken 0 (fallthrough)
branch  5 taken 1
    $$$$$:  199-block  2
call    6 never executed
branch  7 never executed
branch  8 never executed
    $$$$$:  199-block  3
call    9 never executed
branch 10 never executed
branch 11 never executed
    $$$$$:  199-block  4
call   12 never executed
branch 13 never executed
branch 14 never executed
    $$$$$:  199-block  5
call   15 never executed
branch 16 never executed
branch 17 never executed
    $$$$$:  199-block  6
call   18 never executed
branch 19 never executed
branch 20 never executed
    $$$$$:  199-block  7
call   21 never executed
branch 22 never executed
branch 23 never executed
    $$$$$:  199-block  8
call   24 never executed
branch 25 never executed
branch 26 never executed
    $$$$$:  199-block  9
call   27 never executed
branch 28 never executed
branch 29 never executed
    $$$$$:  199-block 10
unconditional 30 never executed
        1:  199-block 11
call   31 returned 1
branch 32 taken 1 (fallthrough)
branch 33 taken 0 (throw)
    %%%%%:  199-block 12
call   34 never executed
unconditional 35 never executed
    %%%%%:  199-block 13
call   36 never executed
unconditional 37 never executed
    %%%%%:  199-block 14
call   38 never executed
unconditional 39 never executed
    %%%%%:  199-block 15
call   40 never executed
unconditional 41 never executed
    %%%%%:  199-block 16
unconditional 42 never executed
        1:  200:    EXPECT_TRUE(correct_check);
        1:  200-block  0
call    0 returned 1
branch  1 taken 1 (fallthrough)
branch  2 taken 0 (throw)
        1:  200-block  1
call    3 returned 1
branch  4 taken 0 (fallthrough)
branch  5 taken 1
    $$$$$:  200-block  2
call    6 never executed
branch  7 never executed
branch  8 never executed
    $$$$$:  200-block  3
call    9 never executed
branch 10 never executed
branch 11 never executed
    $$$$$:  200-block  4
call   12 never executed
branch 13 never executed
branch 14 never executed
    $$$$$:  200-block  5
call   15 never executed
branch 16 never executed
branch 17 never executed
    $$$$$:  200-block  6
call   18 never executed
branch 19 never executed
branch 20 never executed
    $$$$$:  200-block  7
call   21 never executed
branch 22 never executed
branch 23 never executed
    $$$$$:  200-block  8
call   24 never executed
branch 25 never executed
branch 26 never executed
    $$$$$:  200-block  9
call   27 never executed
branch 28 never executed
branch 29 never executed
    $$$$$:  200-block 10
unconditional 30 never executed
        1:  200-block 11
call   31 returned 1
branch 32 taken 1 (fallthrough)
branch 33 taken 0 (throw)
    %%%%%:  200-block 12
call   34 never executed
unconditional 35 never executed
    %%%%%:  200-block 13
call   36 never executed
unconditional 37 never executed
    %%%%%:  200-block 14
call   38 never executed
unconditional 39 never executed
    %%%%%:  200-block 15
call   40 never executed
unconditional 41 never executed
    %%%%%:  200-block 16
unconditional 42 never executed
        1:  201:    EXPECT_TRUE(full_check);
        1:  201-block  0
call    0 returned 1
branch  1 taken 1 (fallthrough)
branch  2 taken 0 (throw)
        1:  201-block  1
call    3 returned 1
branch  4 taken 0 (fallthrough)
branch  5 taken 1
    $$$$$:  201-block  2
call    6 never executed
branch  7 never executed
branch  8 never executed
    $$$$$:  201-block  3
call    9 never executed
branch 10 never executed
branch 11 never executed
    $$$$$:  201-block  4
call   12 never executed
branch 13 never executed
branch 14 never executed
    $$$$$:  201-block  5
call   15 never executed
branch 16 never executed
branch 17 never executed
    $$$$$:  201-block  6
call   18 never executed
branch 19 never executed
branch 20 never executed
    $$$$$:  201-block  7
call   21 never executed
branch 22 never executed
branch 23 never executed
    $$$$$:  201-block  8
call   24 never executed
branch 25 never executed
branch 26 never executed
    $$$$$:  201-block  9
call   27 never executed
branch 28 never executed
branch 29 never executed
    $$$$$:  201-block 10
unconditional 30 never executed
        1:  201-block 11
call   31 returned 1
branch 32 taken 1 (fallthrough)
branch 33 taken 0 (throw)
    %%%%%:  201-block 12
call   34 never executed
unconditional 35 never executed
    %%%%%:  201-block 13
call   36 never executed
unconditional 37 never executed
    %%%%%:  201-block 14
call   38 never executed
unconditional 39 never executed
    %%%%%:  201-block 15
call   40 never executed
unconditional 41 never executed
    %%%%%:  201-block 16
unconditional 42 never executed
        1:  202:    EXPECT_TRUE(size_check);
        1:  202-block  0
call    0 returned 1
branch  1 taken 1 (fallthrough)
branch  2 taken 0 (throw)
        1:  202-block  1
call    3 returned 1
branch  4 taken 0 (fallthrough)
branch  5 taken 1
    $$$$$:  202-block  2
call    6 never executed
branch  7 never executed
branch  8 never executed
    $$$$$:  202-block  3
call    9 never executed
branch 10 never executed
branch 11 never executed
    $$$$$:  202-block  4
call   12 never executed
branch 13 never executed
branch 14 never executed
    $$$$$:  202-block  5
call   15 never executed
branch 16 never executed
branch 17 never executed
    $$$$$:  202-block  6
call   18 never executed
branch 19 never executed
branch 20 never executed
    $$$$$:  202-block  7
call   21 never executed
branch 22 never executed
branch 23 never executed
    $$$$$:  202-block  8
call   24 never executed
branch 25 never executed
branch 26 never executed
    $$$$$:  202-block  9
call   27 never executed
branch 28 never executed
branch 29 never executed
    $$$$$:  202-block 10
unconditional 30 never executed
        1:  202-block 11
call   31 returned 1
branch 32 taken 1 (fallthrough)
branch 33 taken 0 (throw)
    %%%%%:  202-block 12
call   34 never executed
unconditional 35 never executed
    %%%%%:  202-block 13
call   36 never executed
unconditional 37 never executed
    %%%%%:  202-block 14
call   38 never executed
unconditional 39 never executed
    %%%%%:  202-block 15
call   40 never executed
unconditional 41 never executed
    %%%%%:  202-block 16
unconditional 42 never executed
        -:  203:    
function _GLOBAL__sub_I__ZN25HashTests_EqualityOp_Test10test_info_E called 1 returned 100% blocks executed 100%
function _Z41__static_initialization_and_destruction_0ii called 1 returned 100% blocks executed 100%
        5:  204:}
        1:  204-block  0
        1:  204-block  1
call    0 returned 1
        1:  204-block  2
        1:  204-block  3
branch  1 taken 1 (fallthrough)
branch  2 taken 0
        1:  204-block  4
branch  3 taken 1 (fallthrough)
branch  4 taken 0
        1:  204-block  5
unconditional  5 taken 1
        -:  205:
        -:  206:
